
*** Running vivado
    with args -log rojobot31_0.vds -m64 -product Vivado -mode batch -messageDb vivado.pb -notrace -source rojobot31_0.tcl


****** Vivado v2019.2 (64-bit)
  **** SW Build 2708876 on Wed Nov  6 21:40:23 MST 2019
  **** IP Build 2700528 on Thu Nov  7 00:09:20 MST 2019
    ** Copyright 1986-2019 Xilinx, Inc. All Rights Reserved.

source rojobot31_0.tcl -notrace
INFO: [IP_Flow 19-234] Refreshing IP repositories
INFO: [IP_Flow 19-1700] Loaded user IP repository 'c:/Users/rromano/Documents/GitHub/Nexys-A7-Sidescroller-Game/fpga_code/ece540_ip_repo/rojobot31'.
INFO: [IP_Flow 19-2313] Loaded Vivado IP repository 'C:/Xilinx/Vivado/2019.2/data/ip'.
WARNING: [IP_Flow 19-4995] The host OS only allows 260 characters in a normal path. The IP cache path is more than 80 characters. If you experience issues with IP caching, please consider changing the IP cache to a location with a shorter path. Alternately consider using the OS subst command to map part of the path to a drive letter. 
Current IP cache path is c:/Users/rromano/Documents/GitHub/Nexys-A7-Sidescroller-Game/project_1/project_1.cache/ip 
Command: synth_design -top rojobot31_0 -part xc7a100tcsg324-1 -mode out_of_context
Starting synth_design
Attempting to get a license for feature 'Synthesis' and/or device 'xc7a100t'
INFO: [Common 17-349] Got license for feature 'Synthesis' and/or device 'xc7a100t'
INFO: [Device 21-403] Loading part xc7a100tcsg324-1
INFO: Launching helper process for spawning children vivado processes
INFO: Helper process launched with PID 30420 
---------------------------------------------------------------------------------
Starting RTL Elaboration : Time (s): cpu = 00:00:03 ; elapsed = 00:00:04 . Memory (MB): peak = 862.605 ; gain = 235.133
---------------------------------------------------------------------------------
INFO: [Synth 8-6157] synthesizing module 'rojobot31_0' [c:/Users/rromano/Documents/GitHub/Nexys-A7-Sidescroller-Game/project_1/project_1.srcs/sources_1/ip/rojobot31_0/synth/rojobot31_0.v:57]
INFO: [Synth 8-6157] synthesizing module 'rojobot31' [c:/Users/rromano/Documents/GitHub/Nexys-A7-Sidescroller-Game/project_1/project_1.srcs/sources_1/ip/rojobot31_0/src/bot31_top.v:29]
INFO: [Synth 8-6157] synthesizing module 'kcpsm6' [c:/Users/rromano/Documents/GitHub/Nexys-A7-Sidescroller-Game/project_1/project_1.srcs/sources_1/ip/rojobot31_0/src/kcpsm6.v:77]
	Parameter hwbuild bound to: 8'b00000000 
	Parameter interrupt_vector bound to: 12'b001111111111 
	Parameter scratch_pad_memory_size bound to: 64 - type: integer 
INFO: [Synth 8-6157] synthesizing module 'LUT6_2' [C:/Xilinx/Vivado/2019.2/scripts/rt/data/unisim_comp.v:39345]
	Parameter INIT bound to: 64'b1111111100000000111100001111000011001100110011001010101010101010 
INFO: [Synth 8-6155] done synthesizing module 'LUT6_2' (1#1) [C:/Xilinx/Vivado/2019.2/scripts/rt/data/unisim_comp.v:39345]
INFO: [Synth 8-6157] synthesizing module 'LUT6' [C:/Xilinx/Vivado/2019.2/scripts/rt/data/unisim_comp.v:39299]
	Parameter INIT bound to: 64'b0000000010101010000000001111111100110011110011000000111100000000 
INFO: [Synth 8-6155] done synthesizing module 'LUT6' (2#1) [C:/Xilinx/Vivado/2019.2/scripts/rt/data/unisim_comp.v:39299]
INFO: [Synth 8-6157] synthesizing module 'XORCY' [C:/Xilinx/Vivado/2019.2/scripts/rt/data/unisim_comp.v:82303]
INFO: [Synth 8-6155] done synthesizing module 'XORCY' (3#1) [C:/Xilinx/Vivado/2019.2/scripts/rt/data/unisim_comp.v:82303]
INFO: [Synth 8-6157] synthesizing module 'MUXCY' [C:/Xilinx/Vivado/2019.2/scripts/rt/data/unisim_comp.v:42878]
INFO: [Synth 8-6155] done synthesizing module 'MUXCY' (4#1) [C:/Xilinx/Vivado/2019.2/scripts/rt/data/unisim_comp.v:42878]
INFO: [Synth 8-6157] synthesizing module 'FD' [C:/Xilinx/Vivado/2019.2/scripts/rt/data/unisim_comp.v:13467]
	Parameter INIT bound to: 1'b0 
INFO: [Synth 8-6155] done synthesizing module 'FD' (5#1) [C:/Xilinx/Vivado/2019.2/scripts/rt/data/unisim_comp.v:13467]
INFO: [Synth 8-6157] synthesizing module 'FDRE' [C:/Xilinx/Vivado/2019.2/scripts/rt/data/unisim_comp.v:13708]
	Parameter INIT bound to: 1'b0 
	Parameter IS_C_INVERTED bound to: 1'b0 
	Parameter IS_D_INVERTED bound to: 1'b0 
	Parameter IS_R_INVERTED bound to: 1'b0 
INFO: [Synth 8-6155] done synthesizing module 'FDRE' (6#1) [C:/Xilinx/Vivado/2019.2/scripts/rt/data/unisim_comp.v:13708]
INFO: [Synth 8-6157] synthesizing module 'LUT6__parameterized0' [C:/Xilinx/Vivado/2019.2/scripts/rt/data/unisim_comp.v:39299]
	Parameter INIT bound to: 64'b0000000010101010000000001111111111001100110011001111000000000000 
INFO: [Synth 8-6155] done synthesizing module 'LUT6__parameterized0' (6#1) [C:/Xilinx/Vivado/2019.2/scripts/rt/data/unisim_comp.v:39299]
INFO: [Synth 8-6157] synthesizing module 'LUT6__parameterized1' [C:/Xilinx/Vivado/2019.2/scripts/rt/data/unisim_comp.v:39299]
	Parameter INIT bound to: 64'b0000000010101010000000000000000011001100110011001111000000000000 
INFO: [Synth 8-6155] done synthesizing module 'LUT6__parameterized1' (6#1) [C:/Xilinx/Vivado/2019.2/scripts/rt/data/unisim_comp.v:39299]
INFO: [Synth 8-6157] synthesizing module 'FDR' [C:/Xilinx/Vivado/2019.2/scripts/rt/data/unisim_comp.v:13695]
	Parameter INIT bound to: 1'b0 
INFO: [Synth 8-6155] done synthesizing module 'FDR' (7#1) [C:/Xilinx/Vivado/2019.2/scripts/rt/data/unisim_comp.v:13695]
INFO: [Synth 8-6157] synthesizing module 'LUT6_2__parameterized0' [C:/Xilinx/Vivado/2019.2/scripts/rt/data/unisim_comp.v:39345]
	Parameter INIT bound to: 64'b0000000000010101001010011010101010101010101010101010101010101010 
INFO: [Synth 8-6155] done synthesizing module 'LUT6_2__parameterized0' (7#1) [C:/Xilinx/Vivado/2019.2/scripts/rt/data/unisim_comp.v:39345]
INFO: [Synth 8-6157] synthesizing module 'LUT6_2__parameterized1' [C:/Xilinx/Vivado/2019.2/scripts/rt/data/unisim_comp.v:39345]
	Parameter INIT bound to: 64'b0000000000101010001001010010101010101010101010101010101010101010 
INFO: [Synth 8-6155] done synthesizing module 'LUT6_2__parameterized1' (7#1) [C:/Xilinx/Vivado/2019.2/scripts/rt/data/unisim_comp.v:39345]
INFO: [Synth 8-6157] synthesizing module 'LUT6__parameterized2' [C:/Xilinx/Vivado/2019.2/scripts/rt/data/unisim_comp.v:39299]
	Parameter INIT bound to: 64'b1011111110111100100011111000110010110011101100001000001110000000 
INFO: [Synth 8-6155] done synthesizing module 'LUT6__parameterized2' (7#1) [C:/Xilinx/Vivado/2019.2/scripts/rt/data/unisim_comp.v:39299]
INFO: [Synth 8-6157] synthesizing module 'RAM64M' [C:/Xilinx/Vivado/2019.2/scripts/rt/data/unisim_comp.v:70643]
	Parameter INIT_A bound to: 64'b0000000000000000000000000000000000000000000000000000000000000000 
	Parameter INIT_B bound to: 64'b0000000000000000000000000000000000000000000000000000000000000000 
	Parameter INIT_C bound to: 64'b0000000000000000000000000000000000000000000000000000000000000000 
	Parameter INIT_D bound to: 64'b0000000000000000000000000000000000000000000000000000000000000000 
	Parameter IS_WCLK_INVERTED bound to: 1'b0 
INFO: [Synth 8-6155] done synthesizing module 'RAM64M' (8#1) [C:/Xilinx/Vivado/2019.2/scripts/rt/data/unisim_comp.v:70643]
INFO: [Synth 8-6157] synthesizing module 'LUT6_2__parameterized2' [C:/Xilinx/Vivado/2019.2/scripts/rt/data/unisim_comp.v:39345]
	Parameter INIT bound to: 64'b0110100101101001011011101000101011001100110011000000000000000000 
INFO: [Synth 8-6155] done synthesizing module 'LUT6_2__parameterized2' (8#1) [C:/Xilinx/Vivado/2019.2/scripts/rt/data/unisim_comp.v:39345]
INFO: [Synth 8-6157] synthesizing module 'LUT6__parameterized3' [C:/Xilinx/Vivado/2019.2/scripts/rt/data/unisim_comp.v:39299]
	Parameter INIT bound to: 64'b1111111100000000111100001111000011001100110011001010101010101010 
INFO: [Synth 8-6155] done synthesizing module 'LUT6__parameterized3' (8#1) [C:/Xilinx/Vivado/2019.2/scripts/rt/data/unisim_comp.v:39299]
INFO: [Synth 8-6157] synthesizing module 'LUT6_2__parameterized3' [C:/Xilinx/Vivado/2019.2/scripts/rt/data/unisim_comp.v:39345]
	Parameter INIT bound to: 64'b1111111111111111111101010101010100000000000000000000111011101110 
INFO: [Synth 8-6155] done synthesizing module 'LUT6_2__parameterized3' (8#1) [C:/Xilinx/Vivado/2019.2/scripts/rt/data/unisim_comp.v:39345]
INFO: [Synth 8-6157] synthesizing module 'LUT6_2__parameterized4' [C:/Xilinx/Vivado/2019.2/scripts/rt/data/unisim_comp.v:39345]
	Parameter INIT bound to: 64'b0000000010000011000000000000101100000000110001000000000001001100 
INFO: [Synth 8-6155] done synthesizing module 'LUT6_2__parameterized4' (8#1) [C:/Xilinx/Vivado/2019.2/scripts/rt/data/unisim_comp.v:39345]
INFO: [Synth 8-6157] synthesizing module 'LUT6_2__parameterized5' [C:/Xilinx/Vivado/2019.2/scripts/rt/data/unisim_comp.v:39345]
	Parameter INIT bound to: 64'b0000000000010000000000000000000000000000000000000000100000000000 
INFO: [Synth 8-6155] done synthesizing module 'LUT6_2__parameterized5' (8#1) [C:/Xilinx/Vivado/2019.2/scripts/rt/data/unisim_comp.v:39345]
INFO: [Synth 8-6157] synthesizing module 'LUT6__parameterized4' [C:/Xilinx/Vivado/2019.2/scripts/rt/data/unisim_comp.v:39299]
	Parameter INIT bound to: 64'b0000000000000000000000000000000000000000000000001100101010101010 
INFO: [Synth 8-6155] done synthesizing module 'LUT6__parameterized4' (8#1) [C:/Xilinx/Vivado/2019.2/scripts/rt/data/unisim_comp.v:39299]
INFO: [Synth 8-6157] synthesizing module 'LUT6_2__parameterized6' [C:/Xilinx/Vivado/2019.2/scripts/rt/data/unisim_comp.v:39345]
	Parameter INIT bound to: 64'b1100110000110011111111110000000010000000100000001000000010000000 
INFO: [Synth 8-6155] done synthesizing module 'LUT6_2__parameterized6' (8#1) [C:/Xilinx/Vivado/2019.2/scripts/rt/data/unisim_comp.v:39345]
INFO: [Synth 8-6157] synthesizing module 'LUT6__parameterized5' [C:/Xilinx/Vivado/2019.2/scripts/rt/data/unisim_comp.v:39299]
	Parameter INIT bound to: 64'b0101101000111100111111111111111100000000000000000000000000000000 
INFO: [Synth 8-6155] done synthesizing module 'LUT6__parameterized5' (8#1) [C:/Xilinx/Vivado/2019.2/scripts/rt/data/unisim_comp.v:39299]
INFO: [Synth 8-6157] synthesizing module 'LUT6_2__parameterized7' [C:/Xilinx/Vivado/2019.2/scripts/rt/data/unisim_comp.v:39345]
	Parameter INIT bound to: 64'b0111011101110111000000100111011100000000000000000000001000000000 
INFO: [Synth 8-6155] done synthesizing module 'LUT6_2__parameterized7' (8#1) [C:/Xilinx/Vivado/2019.2/scripts/rt/data/unisim_comp.v:39345]
INFO: [Synth 8-6157] synthesizing module 'LUT6_2__parameterized8' [C:/Xilinx/Vivado/2019.2/scripts/rt/data/unisim_comp.v:39345]
	Parameter INIT bound to: 64'b0000000000000000111100000000000000000000000000000010001111111111 
INFO: [Synth 8-6155] done synthesizing module 'LUT6_2__parameterized8' (8#1) [C:/Xilinx/Vivado/2019.2/scripts/rt/data/unisim_comp.v:39345]
INFO: [Synth 8-6157] synthesizing module 'LUT6__parameterized6' [C:/Xilinx/Vivado/2019.2/scripts/rt/data/unisim_comp.v:39299]
	Parameter INIT bound to: 64'b1111111111111111111111111111111100000000000001000000000000000000 
INFO: [Synth 8-6155] done synthesizing module 'LUT6__parameterized6' (8#1) [C:/Xilinx/Vivado/2019.2/scripts/rt/data/unisim_comp.v:39299]
INFO: [Synth 8-6157] synthesizing module 'LUT6_2__parameterized9' [C:/Xilinx/Vivado/2019.2/scripts/rt/data/unisim_comp.v:39345]
	Parameter INIT bound to: 64'b1111111111111111000100000000000000000000000000000010000000000000 
INFO: [Synth 8-6155] done synthesizing module 'LUT6_2__parameterized9' (8#1) [C:/Xilinx/Vivado/2019.2/scripts/rt/data/unisim_comp.v:39345]
INFO: [Synth 8-6157] synthesizing module 'LUT6_2__parameterized10' [C:/Xilinx/Vivado/2019.2/scripts/rt/data/unisim_comp.v:39345]
	Parameter INIT bound to: 64'b0000001111001010000000000000000000000100001000000000000000000000 
INFO: [Synth 8-6155] done synthesizing module 'LUT6_2__parameterized10' (8#1) [C:/Xilinx/Vivado/2019.2/scripts/rt/data/unisim_comp.v:39345]
INFO: [Synth 8-6157] synthesizing module 'LUT6_2__parameterized11' [C:/Xilinx/Vivado/2019.2/scripts/rt/data/unisim_comp.v:39345]
	Parameter INIT bound to: 64'b0111011100001000000000000000000000000000000000000000111100000000 
INFO: [Synth 8-6155] done synthesizing module 'LUT6_2__parameterized11' (8#1) [C:/Xilinx/Vivado/2019.2/scripts/rt/data/unisim_comp.v:39345]
INFO: [Synth 8-6157] synthesizing module 'LUT6_2__parameterized12' [C:/Xilinx/Vivado/2019.2/scripts/rt/data/unisim_comp.v:39345]
	Parameter INIT bound to: 64'b1101000000000000000000000000000000000010000000000000000000000000 
INFO: [Synth 8-6155] done synthesizing module 'LUT6_2__parameterized12' (8#1) [C:/Xilinx/Vivado/2019.2/scripts/rt/data/unisim_comp.v:39345]
INFO: [Synth 8-6157] synthesizing module 'LUT6_2__parameterized13' [C:/Xilinx/Vivado/2019.2/scripts/rt/data/unisim_comp.v:39345]
	Parameter INIT bound to: 64'b0000000000000001001111110011111100000000000100001111011111001110 
INFO: [Synth 8-6155] done synthesizing module 'LUT6_2__parameterized13' (8#1) [C:/Xilinx/Vivado/2019.2/scripts/rt/data/unisim_comp.v:39345]
INFO: [Synth 8-6157] synthesizing module 'LUT6_2__parameterized14' [C:/Xilinx/Vivado/2019.2/scripts/rt/data/unisim_comp.v:39345]
	Parameter INIT bound to: 64'b1100000011001100000000000000000010100000101010100000000000000000 
INFO: [Synth 8-6155] done synthesizing module 'LUT6_2__parameterized14' (8#1) [C:/Xilinx/Vivado/2019.2/scripts/rt/data/unisim_comp.v:39345]
INFO: [Synth 8-6157] synthesizing module 'LUT6_2__parameterized15' [C:/Xilinx/Vivado/2019.2/scripts/rt/data/unisim_comp.v:39345]
	Parameter INIT bound to: 64'b1000000000000000000000000000000000100000000000000000000000000000 
INFO: [Synth 8-6155] done synthesizing module 'LUT6_2__parameterized15' (8#1) [C:/Xilinx/Vivado/2019.2/scripts/rt/data/unisim_comp.v:39345]
INFO: [Synth 8-6157] synthesizing module 'LUT6_2__parameterized16' [C:/Xilinx/Vivado/2019.2/scripts/rt/data/unisim_comp.v:39345]
	Parameter INIT bound to: 64'b0100000000000000000000000000000000000001000000000000000000000000 
INFO: [Synth 8-6155] done synthesizing module 'LUT6_2__parameterized16' (8#1) [C:/Xilinx/Vivado/2019.2/scripts/rt/data/unisim_comp.v:39345]
INFO: [Synth 8-6157] synthesizing module 'LUT6__parameterized7' [C:/Xilinx/Vivado/2019.2/scripts/rt/data/unisim_comp.v:39299]
	Parameter INIT bound to: 64'b0000000010000000000000100000000000000000000000000000000000000000 
INFO: [Synth 8-6155] done synthesizing module 'LUT6__parameterized7' (8#1) [C:/Xilinx/Vivado/2019.2/scripts/rt/data/unisim_comp.v:39299]
INFO: [Synth 8-6157] synthesizing module 'LUT6__parameterized8' [C:/Xilinx/Vivado/2019.2/scripts/rt/data/unisim_comp.v:39299]
	Parameter INIT bound to: 64'b1010110010101100111111110000000011111111000000001111111100000000 
INFO: [Synth 8-6155] done synthesizing module 'LUT6__parameterized8' (8#1) [C:/Xilinx/Vivado/2019.2/scripts/rt/data/unisim_comp.v:39299]
INFO: [Synth 8-6157] synthesizing module 'LUT6_2__parameterized17' [C:/Xilinx/Vivado/2019.2/scripts/rt/data/unisim_comp.v:39345]
	Parameter INIT bound to: 64'b0000000000000000000000000000000010000111011110000000000000000000 
INFO: [Synth 8-6155] done synthesizing module 'LUT6_2__parameterized17' (8#1) [C:/Xilinx/Vivado/2019.2/scripts/rt/data/unisim_comp.v:39345]
INFO: [Synth 8-6157] synthesizing module 'LUT6__parameterized9' [C:/Xilinx/Vivado/2019.2/scripts/rt/data/unisim_comp.v:39299]
	Parameter INIT bound to: 64'b0110100110010110100101100110100110010110011010010110100110010110 
INFO: [Synth 8-6155] done synthesizing module 'LUT6__parameterized9' (8#1) [C:/Xilinx/Vivado/2019.2/scripts/rt/data/unisim_comp.v:39299]
INFO: [Synth 8-6157] synthesizing module 'LUT6__parameterized10' [C:/Xilinx/Vivado/2019.2/scripts/rt/data/unisim_comp.v:39299]
	Parameter INIT bound to: 64'b1111111111111111101010101100110011110000111100001111000011110000 
INFO: [Synth 8-6155] done synthesizing module 'LUT6__parameterized10' (8#1) [C:/Xilinx/Vivado/2019.2/scripts/rt/data/unisim_comp.v:39299]
INFO: [Synth 8-6157] synthesizing module 'LUT6_2__parameterized18' [C:/Xilinx/Vivado/2019.2/scripts/rt/data/unisim_comp.v:39345]
	Parameter INIT bound to: 64'b0011001100110011101010101100110011110000101010100000000000000000 
INFO: [Synth 8-6155] done synthesizing module 'LUT6_2__parameterized18' (8#1) [C:/Xilinx/Vivado/2019.2/scripts/rt/data/unisim_comp.v:39345]
INFO: [Synth 8-6157] synthesizing module 'LUT6_2__parameterized19' [C:/Xilinx/Vivado/2019.2/scripts/rt/data/unisim_comp.v:39345]
	Parameter INIT bound to: 64'b1010001010000000000000000000000000000000111100000000000011110000 
INFO: [Synth 8-6155] done synthesizing module 'LUT6_2__parameterized19' (8#1) [C:/Xilinx/Vivado/2019.2/scripts/rt/data/unisim_comp.v:39345]
INFO: [Synth 8-6157] synthesizing module 'LUT6_2__parameterized20' [C:/Xilinx/Vivado/2019.2/scripts/rt/data/unisim_comp.v:39345]
	Parameter INIT bound to: 64'b0000000000000000000000000000000000000000000000000000000000000001 
INFO: [Synth 8-6155] done synthesizing module 'LUT6_2__parameterized20' (8#1) [C:/Xilinx/Vivado/2019.2/scripts/rt/data/unisim_comp.v:39345]
INFO: [Synth 8-6157] synthesizing module 'LUT6_2__parameterized21' [C:/Xilinx/Vivado/2019.2/scripts/rt/data/unisim_comp.v:39345]
	Parameter INIT bound to: 64'b0000000000000000000000000000110100000000000000000000000000000000 
INFO: [Synth 8-6155] done synthesizing module 'LUT6_2__parameterized21' (8#1) [C:/Xilinx/Vivado/2019.2/scripts/rt/data/unisim_comp.v:39345]
INFO: [Synth 8-6157] synthesizing module 'LUT6__parameterized11' [C:/Xilinx/Vivado/2019.2/scripts/rt/data/unisim_comp.v:39299]
	Parameter INIT bound to: 64'b1111101111111111000000000000000000000000000000000000000000000000 
INFO: [Synth 8-6155] done synthesizing module 'LUT6__parameterized11' (8#1) [C:/Xilinx/Vivado/2019.2/scripts/rt/data/unisim_comp.v:39299]
INFO: [Synth 8-6157] synthesizing module 'RAM32M' [C:/Xilinx/Vivado/2019.2/scripts/rt/data/unisim_comp.v:70267]
	Parameter INIT_A bound to: 64'b0000000000000000000000000000000000000000000000000000000000000000 
	Parameter INIT_B bound to: 64'b0000000000000000000000000000000000000000000000000000000000000000 
	Parameter INIT_C bound to: 64'b0000000000000000000000000000000000000000000000000000000000000000 
	Parameter INIT_D bound to: 64'b0000000000000000000000000000000000000000000000000000000000000000 
	Parameter IS_WCLK_INVERTED bound to: 1'b0 
INFO: [Synth 8-6155] done synthesizing module 'RAM32M' (9#1) [C:/Xilinx/Vivado/2019.2/scripts/rt/data/unisim_comp.v:70267]
INFO: [Synth 8-6155] done synthesizing module 'kcpsm6' (10#1) [c:/Users/rromano/Documents/GitHub/Nexys-A7-Sidescroller-Game/project_1/project_1.srcs/sources_1/ip/rojobot31_0/src/kcpsm6.v:77]
INFO: [Synth 8-6157] synthesizing module 'bot31_pgm' [c:/Users/rromano/Documents/GitHub/Nexys-A7-Sidescroller-Game/project_1/project_1.srcs/sources_1/ip/rojobot31_0/src/bot31_pgm.v:55]
INFO: [Synth 8-6157] synthesizing module 'RAMB18E1' [C:/Xilinx/Vivado/2019.2/scripts/rt/data/unisim_comp.v:75062]
	Parameter DOA_REG bound to: 0 - type: integer 
	Parameter DOB_REG bound to: 0 - type: integer 
	Parameter INITP_00 bound to: 256'b0101101000011000011000011000011000011000011000011000001010000000101000011000011000011000011000011000011000011000001000011000100101010111010001010010101010101010101000100010000010100000000010000000100000101101011101001000101000100010100000000010101010101010 
	Parameter INITP_01 bound to: 256'b1000001000001101100000100000100110011101011001110111011001100111010110011101110110000000001001010101000010001010000110000110000110000110000110000110000110000010001010000010000011011010000011011010000010000011011010000011011000110110001101100011010000101000 
	Parameter INITP_02 bound to: 256'b0101010100100010100010010010010010010111011010001001001001001001011101101000100100100100100101110110100010010010010010010111011010001001001001001001011101101000100100100100100101110110100010010010010010010111011010001001001001001001011101001000001000001010 
	Parameter INITP_03 bound to: 256'b0000000010110100001011011000101101100010110110001011011000101101100010110110001011010010010101010001001101110100010011011101000000010101010101010101010000001000100000001010100000100010001101100010001000100010000000010101010010001101001101001101001101000101 
	Parameter INITP_04 bound to: 256'b0000000000000000000000000000000000000000000000000000000000000000000000000000000000000000000000000000000000000000000000000000000000000000000000000000000000000000000000000000000000000000000000000000000000000000000000000000000000000000000000000000000000000000 
	Parameter INITP_05 bound to: 256'b0000000000000000000000000000000000000000000000000000000000000000000000000000000000000000000000000000000000000000000000000000000000000000000000000000000000000000000000000000000000000000000000000000000000000000000000000000000000000000000000000000000000000000 
	Parameter INITP_06 bound to: 256'b0000000000000000000000000000000000000000000000000000000000000000000000000000000000000000000000000000000000000000000000000000000000000000000000000000000000000000000000000000000000000000000000000000000000000000000000000000001010101010101010010001100000000000 
	Parameter INITP_07 bound to: 256'b0000000000000000000000000000000000000000000000000000000000000000000000000000000000000000000000000000000000000000000000000000000000000000000000000000000000000000000000000000000000000000000000000000000000000000000000000000000000000000000000000000000000000000 
	Parameter INIT_00 bound to: 256'b1001000000000000000000011001100110010000000001110000000110101100000000000010100000011100010000000001110101000000000111100000000000011111000000100000000010110001000000000110010100000000010001110010000000000100001000000000010000100000000001000010000000000100 
	Parameter INIT_01 bound to: 256'b0000000111110000000011110000000000000000100000110000001011100000000000011111000000100000001001101110000000011011110010000000000011010000001100011110000000011011110010010000000010110000001100000000000000101000000011100000000000000000011000000000000110110010 
	Parameter INIT_02 bound to: 256'b1101110000000010110111010000000100001010000000000000000110010000000010110000000000000001000001010000001011000000000000011101000000100000000011010000000111100011000110000000000000011001000000000000110000010000000011010000000000000000110100110000001011100000 
	Parameter INIT_03 bound to: 256'b0100000000001110010000000000111001000000000011101110000001000010010000010000111010100000001000000000001000000000010000000000111000000000000100000101000000000000110100000000111011010000000011101101000000001100110100000000110011011010000000111101101100000100 
	Parameter INIT_04 bound to: 256'b1110000100000000000100011100111000010000000000011110000100000000000100010000000000010000000000011110000100000000000100010000000000010000001000000101000000000000101000000010000000000010000100000101000000000000001100000000111101010000000000000100000000001110 
	Parameter INIT_05 bound to: 256'b0101000000000000111000010000000000010001010011110001000000000001111000010000000000010001110110000001000000000001111000010000000000010001111011100001000000000001111000010000000000010001110011000001000000000001111000010000000000010001110011100001000000000001 
	Parameter INIT_06 bound to: 256'b0001000101000010000100000000000111100001000000000001000100110001000100000000000111100001000000000001000100100000000100000000000111100001000000000001000100010111000100000000000001010000000000000000000000110111000100100010000000110001000011110000000100000000 
	Parameter INIT_07 bound to: 256'b0000000100110000010000010000011001010000000000001110000100000000000100010000011000010000000000011110000100000000000100010111010100010000000000011110000100000000000100010110010000010000000000011110000100000000000100010101001100010000000000011110000100000000 
	Parameter INIT_08 bound to: 256'b0000000001000000011000001001000111010101000010000010000010110000000000000100000001100000100011011101010100000100001000001011000000000000010000000110000010001001110101010000000000000101001000000000010000010000010100000000000000000000001101110001001000000000 
	Parameter INIT_09 bound to: 256'b0010000010110000000000000111111000010011000000000000000100000000000000000111111000010011000000000000000101000000011000001010000011010101000011010010000010110000000000000111111000010011000000000000000101000000011000001001011111010101000011000010000010110000 
	Parameter INIT_0A bound to: 256'b0000000001000000001000001011000000000000011111100001001100000001000000010000000000000000011111100001001100000001000000010100000001100000101011111101010100001111001000001011000000000000011111100001001100000001000000010100000001100000101001101101010100001110 
	Parameter INIT_0B bound to: 256'b1110000100000000000100010000000100010000000000011110000100000000000100010001000100010000000000011110000100000000000100010001000000010000000000011110000100000000000100010001111100010000000000011110000100000000000100010000111100010000000100000101000000000000 
	Parameter INIT_0C bound to: 256'b0100000000001110010000000000111000110001000011110000000100000000000000000100010000010010000100000101000000000000111000010000000000010001111111110001000000000001111000010000000000010001111100000001000000000001111000010000000000010001111100010001000000000001 
	Parameter INIT_0D bound to: 256'b1101000100001111000001100000000000100000110111111001011000000001011000001101111011010000000011110110000011100101110101000000010000000000110010100000011111000000000001101101000000000101000100000000010000100000010100000000000001000000000011100100000000001110 
	Parameter INIT_0E bound to: 256'b0010000011110101000101110000000101100000111100001101000100001111100001100000000000100000111011000001011000000001011000001110101111010000000011110110000011110010110101000000100000100000111101010000011100010000001000001111010110010111000000010110000011100011 
	Parameter INIT_0F bound to: 256'b0101000000000000000000010111000000000000011000000101000000000000000000011100000000000000110100000110000011111101110100000000001000000001000000000000001001110000000000010110000001010000000000000000000101110000000000000110000000100000111101011000011100010000 
	Parameter INIT_10 bound to: 256'b0001000100000001000001000000000000000001000000001001001000000001100100010000000101100001000101111101111100000000000001110000000000000001000000000000001011000000000000011101000001010000000000001001000000001010000000000000000011010010000010011101000100001000 
	Parameter INIT_11 bound to: 256'b0000010100000000000000010000000000010010000000010000010000000000000000010000000010010010000000100001000100000001011000010010010111011111000000010101000000000000000000010111101100000110000000000000000100000000000100010000000100000101000000000000000100000000 
	Parameter INIT_12 bound to: 256'b0000000100000000000100100000000100000101000000000000000100000000000100100000000100000100000000000000000100000000100100100000000100010001000000010110000100110011110111110000001001010000000000000000000101111011000001100000000000000001000000000001000100000001 
	Parameter INIT_13 bound to: 256'b0000000101111011000001100000000000000001000000000001001000000001000001010000000000000001000000001001000100000001000001000000000000000001000000000001001000000001000100010000001001100001010000011101111100000011010100000000000000000001011110110000011000000000 
	Parameter INIT_14 bound to: 256'b1101111100000101010100000000000000000001011110110000011000000000000000010000000010010001000000010000010100000000000000010000000010010001000000010000010000000000000000010000000000010010000000010001000100000001011000010100111111011111000001000101000000000000 
	Parameter INIT_15 bound to: 256'b1001000100000001011000010110101111011111000001100101000000000000000000010111101100000110000000000000000100000000100100010000000100000101000000000000000100000000100100100000000100000100000000000000000100000000000100100000001010010001000000010110000101011101 
	Parameter INIT_16 bound to: 256'b0000000100000000100100100000000110010001000000100110000101111001110111110000011101010000000000000000000101111011000001100000000000000001000000001001001000000001000001010000000000000001000000001001001000000001000001000000000000000001000000000001001000000001 
	Parameter INIT_17 bound to: 256'b0100000000000110010000000000011001000000000001100100000000000110000000000111000001010000000000000001000011111111010100000000000000000001011110110000011000000000000000010000000010010010000000010000010100000000000000010000000000010001000000010000010000000000 
	Parameter INIT_18 bound to: 256'b0101000000000000010100000000100001100001100011111101011000000010010100000001000001100001100011001101010000000010010100000001100001100001100010011101010100000010001100001111100001100001100001101101011100000001010100000000011101000000000001100100000000000110 
	Parameter INIT_19 bound to: 256'b0001000100000101111100010011000000010001000001011111000100110010000100010000000111110001001100110001000100000000010100000000000001000000000100000011000100000111000000011111000001000000000001100100000000000110010000000000011001000000000001100000000011100000 
	Parameter INIT_1A bound to: 256'b0000000110010000000110110000000000011000000000000001100100000000010100000000000011110001001100011111000100110000001100010001111100000001000000001111000100110010000100010000011111110001001100110001000100000001110100000000000001000000000011101111000100110001 
	Parameter INIT_1B bound to: 256'b1011001100110010010000000000111001000000000011100100000000001000010000100000111001000000000010000100000100001110010000100000111001000010000011100100001000001110010000100000111000000010000000000011000100001111000000010000000001010000000000000000101000000000 
	Parameter INIT_1C bound to: 256'b0101000010000000000010010010000000000010000100001110000111001110110000100001000000100001110100001101001000000000010100000100000000001000000100000000000100100000111000011100011111000001001000000010000111001001110100010000000000100010001100000010000100110000 
	Parameter INIT_1D bound to: 256'b0000000111011001000100100001100101010000000000000110000111011010100100010000000100000001110101010001000100101000010100000000000001100001110101101001000000000001000100000001000101010000000000000100000000001110010000000000111001000000000011100100000000001110 
	Parameter INIT_1E bound to: 256'b1001001100000001000000011101111000010011110010000101000000000000011000011110100110010011000000010000000111011110000100110110010001010000000000000110000111100100100100110000000100000001110111100001001100110010010100000000000001100001110111111001001000000001 
	Parameter INIT_1F bound to: 256'b0000000000000000000000000000000000000000000000000000000000000000010100000000000001100001111110001001001100000001000000110011000000010011000010100101000000000000011000011111001110010100000000010000000111101101000101000000010101010000000000000110000111101110 
	Parameter INIT_20 bound to: 256'b0000000000000000000000000000000000000000000000000000000000000000000000000000000000000000000000000000000000000000000000000000000000000000000000000000000000000000000000000000000000000000000000000000000000000000000000000000000000000000000000000000000000000000 
	Parameter INIT_21 bound to: 256'b0000000000000000000000000000000000000000000000000000000000000000000000000000000000000000000000000000000000000000000000000000000000000000000000000000000000000000000000000000000000000000000000000000000000000000000000000000000000000000000000000000000000000000 
	Parameter INIT_22 bound to: 256'b0000000000000000000000000000000000000000000000000000000000000000000000000000000000000000000000000000000000000000000000000000000000000000000000000000000000000000000000000000000000000000000000000000000000000000000000000000000000000000000000000000000000000000 
	Parameter INIT_23 bound to: 256'b0000000000000000000000000000000000000000000000000000000000000000000000000000000000000000000000000000000000000000000000000000000000000000000000000000000000000000000000000000000000000000000000000000000000000000000000000000000000000000000000000000000000000000 
	Parameter INIT_24 bound to: 256'b0000000000000000000000000000000000000000000000000000000000000000000000000000000000000000000000000000000000000000000000000000000000000000000000000000000000000000000000000000000000000000000000000000000000000000000000000000000000000000000000000000000000000000 
	Parameter INIT_25 bound to: 256'b0000000000000000000000000000000000000000000000000000000000000000000000000000000000000000000000000000000000000000000000000000000000000000000000000000000000000000000000000000000000000000000000000000000000000000000000000000000000000000000000000000000000000000 
	Parameter INIT_26 bound to: 256'b0000000000000000000000000000000000000000000000000000000000000000000000000000000000000000000000000000000000000000000000000000000000000000000000000000000000000000000000000000000000000000000000000000000000000000000000000000000000000000000000000000000000000000 
	Parameter INIT_27 bound to: 256'b0000000000000000000000000000000000000000000000000000000000000000000000000000000000000000000000000000000000000000000000000000000000000000000000000000000000000000000000000000000000000000000000000000000000000000000000000000000000000000000000000000000000000000 
	Parameter INIT_28 bound to: 256'b0000000000000000000000000000000000000000000000000000000000000000000000000000000000000000000000000000000000000000000000000000000000000000000000000000000000000000000000000000000000000000000000000000000000000000000000000000000000000000000000000000000000000000 
	Parameter INIT_29 bound to: 256'b0000000000000000000000000000000000000000000000000000000000000000000000000000000000000000000000000000000000000000000000000000000000000000000000000000000000000000000000000000000000000000000000000000000000000000000000000000000000000000000000000000000000000000 
	Parameter INIT_2A bound to: 256'b0000000000000000000000000000000000000000000000000000000000000000000000000000000000000000000000000000000000000000000000000000000000000000000000000000000000000000000000000000000000000000000000000000000000000000000000000000000000000000000000000000000000000000 
	Parameter INIT_2B bound to: 256'b0000000000000000000000000000000000000000000000000000000000000000000000000000000000000000000000000000000000000000000000000000000000000000000000000000000000000000000000000000000000000000000000000000000000000000000000000000000000000000000000000000000000000000 
	Parameter INIT_2C bound to: 256'b0000000000000000000000000000000000000000000000000000000000000000000000000000000000000000000000000000000000000000000000000000000000000000000000000000000000000000000000000000000000000000000000000000000000000000000000000000000000000000000000000000000000000000 
	Parameter INIT_2D bound to: 256'b0000000000000000000000000000000000000000000000000000000000000000000000000000000000000000000000000000000000000000000000000000000000000000000000000000000000000000000000000000000000000000000000000000000000000000000000000000000000000000000000000000000000000000 
	Parameter INIT_2E bound to: 256'b0000000000000000000000000000000000000000000000000000000000000000000000000000000000000000000000000000000000000000000000000000000000000000000000000000000000000000000000000000000000000000000000000000000000000000000000000000000000000000000000000000000000000000 
	Parameter INIT_2F bound to: 256'b0000000000000000000000000000000000000000000000000000000000000000000000000000000000000000000000000000000000000000000000000000000000000000000000000000000000000000000000000000000000000000000000000000000000000000000000000000000000000000000000000000000000000000 
	Parameter INIT_30 bound to: 256'b1101000000001110110100000000111000000001111011011101000000001100110100000000110011011100000000101101110100000001010011000000011000001100110100000001110100000001110100000000010010010000000000000001100011111111000110011111111100011100000000000001110100000000 
	Parameter INIT_31 bound to: 256'b0000000000000000000000000000000000000000000000000000000000000000000000000000000000000000000000000000000000000000000000000000000000000000000000000000000000000000000000000000000000000000000000000000000000000000000000000000000000000000000000000010001100000100 
	Parameter INIT_32 bound to: 256'b0000000000000000000000000000000000000000000000000000000000000000000000000000000000000000000000000000000000000000000000000000000000000000000000000000000000000000000000000000000000000000000000000000000000000000000000000000000000000000000000000000000000000000 
	Parameter INIT_33 bound to: 256'b0000000000000000000000000000000000000000000000000000000000000000000000000000000000000000000000000000000000000000000000000000000000000000000000000000000000000000000000000000000000000000000000000000000000000000000000000000000000000000000000000000000000000000 
	Parameter INIT_34 bound to: 256'b0000000000000000000000000000000000000000000000000000000000000000000000000000000000000000000000000000000000000000000000000000000000000000000000000000000000000000000000000000000000000000000000000000000000000000000000000000000000000000000000000000000000000000 
	Parameter INIT_35 bound to: 256'b0000000000000000000000000000000000000000000000000000000000000000000000000000000000000000000000000000000000000000000000000000000000000000000000000000000000000000000000000000000000000000000000000000000000000000000000000000000000000000000000000000000000000000 
	Parameter INIT_36 bound to: 256'b0000000000000000000000000000000000000000000000000000000000000000000000000000000000000000000000000000000000000000000000000000000000000000000000000000000000000000000000000000000000000000000000000000000000000000000000000000000000000000000000000000000000000000 
	Parameter INIT_37 bound to: 256'b0000000000000000000000000000000000000000000000000000000000000000000000000000000000000000000000000000000000000000000000000000000000000000000000000000000000000000000000000000000000000000000000000000000000000000000000000000000000000000000000000000000000000000 
	Parameter INIT_38 bound to: 256'b0000000000000000000000000000000000000000000000000000000000000000000000000000000000000000000000000000000000000000000000000000000000000000000000000000000000000000000000000000000000000000000000000000000000000000000000000000000000000000000000000000000000000000 
	Parameter INIT_39 bound to: 256'b0000000000000000000000000000000000000000000000000000000000000000000000000000000000000000000000000000000000000000000000000000000000000000000000000000000000000000000000000000000000000000000000000000000000000000000000000000000000000000000000000000000000000000 
	Parameter INIT_3A bound to: 256'b0000000000000000000000000000000000000000000000000000000000000000000000000000000000000000000000000000000000000000000000000000000000000000000000000000000000000000000000000000000000000000000000000000000000000000000000000000000000000000000000000000000000000000 
	Parameter INIT_3B bound to: 256'b0000000000000000000000000000000000000000000000000000000000000000000000000000000000000000000000000000000000000000000000000000000000000000000000000000000000000000000000000000000000000000000000000000000000000000000000000000000000000000000000000000000000000000 
	Parameter INIT_3C bound to: 256'b0000000000000000000000000000000000000000000000000000000000000000000000000000000000000000000000000000000000000000000000000000000000000000000000000000000000000000000000000000000000000000000000000000000000000000000000000000000000000000000000000000000000000000 
	Parameter INIT_3D bound to: 256'b0000000000000000000000000000000000000000000000000000000000000000000000000000000000000000000000000000000000000000000000000000000000000000000000000000000000000000000000000000000000000000000000000000000000000000000000000000000000000000000000000000000000000000 
	Parameter INIT_3E bound to: 256'b0000000000000000000000000000000000000000000000000000000000000000000000000000000000000000000000000000000000000000000000000000000000000000000000000000000000000000000000000000000000000000000000000000000000000000000000000000000000000000000000000000000000000000 
	Parameter INIT_3F bound to: 256'b0000000000000000000000000000000000000000000000000000000000000000000000000000000000000000000000000000000000000000000000000000000000000000000000000000000000000000000000000000000000000000000000000000000000000000000000000000000000000000000000000000000000000000 
	Parameter INIT_A bound to: 18'b000000000000000000 
	Parameter INIT_B bound to: 18'b000000000000000000 
	Parameter INIT_FILE bound to: NONE - type: string 
	Parameter IS_CLKARDCLK_INVERTED bound to: 1'b0 
	Parameter IS_CLKBWRCLK_INVERTED bound to: 1'b0 
	Parameter IS_ENARDEN_INVERTED bound to: 1'b0 
	Parameter IS_ENBWREN_INVERTED bound to: 1'b0 
	Parameter IS_RSTRAMARSTRAM_INVERTED bound to: 1'b0 
	Parameter IS_RSTRAMB_INVERTED bound to: 1'b0 
	Parameter IS_RSTREGARSTREG_INVERTED bound to: 1'b0 
	Parameter IS_RSTREGB_INVERTED bound to: 1'b0 
	Parameter RAM_MODE bound to: TDP - type: string 
	Parameter RDADDR_COLLISION_HWCONFIG bound to: DELAYED_WRITE - type: string 
	Parameter READ_WIDTH_A bound to: 18 - type: integer 
	Parameter READ_WIDTH_B bound to: 18 - type: integer 
	Parameter RSTREG_PRIORITY_A bound to: REGCE - type: string 
	Parameter RSTREG_PRIORITY_B bound to: REGCE - type: string 
	Parameter SIM_COLLISION_CHECK bound to: ALL - type: string 
	Parameter SIM_DEVICE bound to: 7SERIES - type: string 
	Parameter SRVAL_A bound to: 18'b000000000000000000 
	Parameter SRVAL_B bound to: 18'b000000000000000000 
	Parameter WRITE_MODE_A bound to: WRITE_FIRST - type: string 
	Parameter WRITE_MODE_B bound to: WRITE_FIRST - type: string 
	Parameter WRITE_WIDTH_A bound to: 18 - type: integer 
	Parameter WRITE_WIDTH_B bound to: 18 - type: integer 
INFO: [Synth 8-6155] done synthesizing module 'RAMB18E1' (11#1) [C:/Xilinx/Vivado/2019.2/scripts/rt/data/unisim_comp.v:75062]
INFO: [Synth 8-6155] done synthesizing module 'bot31_pgm' (12#1) [c:/Users/rromano/Documents/GitHub/Nexys-A7-Sidescroller-Game/project_1/project_1.srcs/sources_1/ip/rojobot31_0/src/bot31_pgm.v:55]
INFO: [Synth 8-6157] synthesizing module 'bot31_if' [c:/Users/rromano/Documents/GitHub/Nexys-A7-Sidescroller-Game/project_1/project_1.srcs/sources_1/ip/rojobot31_0/src/bot31_if.v:53]
INFO: [Synth 8-6155] done synthesizing module 'bot31_if' (13#1) [c:/Users/rromano/Documents/GitHub/Nexys-A7-Sidescroller-Game/project_1/project_1.srcs/sources_1/ip/rojobot31_0/src/bot31_if.v:53]
INFO: [Synth 8-6155] done synthesizing module 'rojobot31' (14#1) [c:/Users/rromano/Documents/GitHub/Nexys-A7-Sidescroller-Game/project_1/project_1.srcs/sources_1/ip/rojobot31_0/src/bot31_top.v:29]
INFO: [Synth 8-6155] done synthesizing module 'rojobot31_0' (15#1) [c:/Users/rromano/Documents/GitHub/Nexys-A7-Sidescroller-Game/project_1/project_1.srcs/sources_1/ip/rojobot31_0/synth/rojobot31_0.v:57]
WARNING: [Synth 8-3331] design bot31_if has unconnected port Rd_Strobe
WARNING: [Synth 8-3331] design bot31_if has unconnected port AddrIn[7]
WARNING: [Synth 8-3331] design bot31_if has unconnected port AddrIn[6]
WARNING: [Synth 8-3331] design bot31_if has unconnected port AddrIn[5]
WARNING: [Synth 8-3331] design bot31_if has unconnected port AddrIn[4]
---------------------------------------------------------------------------------
Finished RTL Elaboration : Time (s): cpu = 00:00:04 ; elapsed = 00:00:05 . Memory (MB): peak = 939.273 ; gain = 311.801
---------------------------------------------------------------------------------

Report Check Netlist: 
+------+------------------+-------+---------+-------+------------------+
|      |Item              |Errors |Warnings |Status |Description       |
+------+------------------+-------+---------+-------+------------------+
|1     |multi_driven_nets |      0|        0|Passed |Multi driven nets |
+------+------------------+-------+---------+-------+------------------+
---------------------------------------------------------------------------------
Start Handling Custom Attributes
---------------------------------------------------------------------------------
---------------------------------------------------------------------------------
Finished Handling Custom Attributes : Time (s): cpu = 00:00:05 ; elapsed = 00:00:05 . Memory (MB): peak = 939.273 ; gain = 311.801
---------------------------------------------------------------------------------
---------------------------------------------------------------------------------
Finished RTL Optimization Phase 1 : Time (s): cpu = 00:00:05 ; elapsed = 00:00:05 . Memory (MB): peak = 939.273 ; gain = 311.801
---------------------------------------------------------------------------------
Netlist sorting complete. Time (s): cpu = 00:00:00 ; elapsed = 00:00:00.007 . Memory (MB): peak = 939.273 ; gain = 0.000
INFO: [Netlist 29-17] Analyzing 181 Unisim elements for replacement
INFO: [Netlist 29-28] Unisim Transformation completed in 0 CPU seconds
INFO: [Project 1-570] Preparing netlist for logic optimization

Processing XDC Constraints
Initializing timing engine
Completed Processing XDC Constraints

Netlist sorting complete. Time (s): cpu = 00:00:00 ; elapsed = 00:00:00 . Memory (MB): peak = 1012.727 ; gain = 0.000
INFO: [Project 1-111] Unisim Transformation Summary:
  A total of 124 instances were transformed.
  FD => FDRE: 48 instances
  FDR => FDRE: 20 instances
  LUT6_2 => LUT6_2 (LUT5, LUT6): 50 instances
  RAM32M => RAM32M (RAMD32(x6), RAMS32(x2)): 4 instances
  RAM64M => RAM64M (RAMD64E(x4)): 2 instances

WARNING: [Constraints 18-5210] No constraints selected for write.
Resolution: This message can indicate that there are no constraints for the design, or it can indicate that the used_in flags are set such that the constraints are ignored. This later case is used when running synth_design to not write synthesis constraints to the resulting checkpoint. Instead, project constraints are read when the synthesized design is opened.
Constraint Validation Runtime : Time (s): cpu = 00:00:00 ; elapsed = 00:00:00.061 . Memory (MB): peak = 1013.719 ; gain = 0.992
---------------------------------------------------------------------------------
Finished Constraint Validation : Time (s): cpu = 00:00:12 ; elapsed = 00:00:13 . Memory (MB): peak = 1013.719 ; gain = 386.246
---------------------------------------------------------------------------------
---------------------------------------------------------------------------------
Start Loading Part and Timing Information
---------------------------------------------------------------------------------
Loading part: xc7a100tcsg324-1
---------------------------------------------------------------------------------
Finished Loading Part and Timing Information : Time (s): cpu = 00:00:12 ; elapsed = 00:00:13 . Memory (MB): peak = 1013.719 ; gain = 386.246
---------------------------------------------------------------------------------
---------------------------------------------------------------------------------
Start Applying 'set_property' XDC Constraints
---------------------------------------------------------------------------------
---------------------------------------------------------------------------------
Finished applying 'set_property' XDC Constraints : Time (s): cpu = 00:00:12 ; elapsed = 00:00:13 . Memory (MB): peak = 1013.719 ; gain = 386.246
---------------------------------------------------------------------------------
---------------------------------------------------------------------------------
Finished RTL Optimization Phase 2 : Time (s): cpu = 00:00:12 ; elapsed = 00:00:13 . Memory (MB): peak = 1013.719 ; gain = 386.246
---------------------------------------------------------------------------------

Report RTL Partitions: 
+-+--------------+------------+----------+
| |RTL Partition |Replication |Instances |
+-+--------------+------------+----------+
+-+--------------+------------+----------+
---------------------------------------------------------------------------------
Start RTL Component Statistics 
---------------------------------------------------------------------------------
Detailed RTL Component Info : 
+---Registers : 
	                8 Bit    Registers := 11    
	                1 Bit    Registers := 2     
+---Muxes : 
	   2 Input      8 Bit        Muxes := 1     
	  16 Input      1 Bit        Muxes := 8     
---------------------------------------------------------------------------------
Finished RTL Component Statistics 
---------------------------------------------------------------------------------
---------------------------------------------------------------------------------
Start RTL Hierarchical Component Statistics 
---------------------------------------------------------------------------------
Hierarchical RTL Component report 
Module bot31_if 
Detailed RTL Component Info : 
+---Registers : 
	                8 Bit    Registers := 11    
	                1 Bit    Registers := 2     
+---Muxes : 
	   2 Input      8 Bit        Muxes := 1     
	  16 Input      1 Bit        Muxes := 8     
---------------------------------------------------------------------------------
Finished RTL Hierarchical Component Statistics
---------------------------------------------------------------------------------
---------------------------------------------------------------------------------
Start Part Resource Summary
---------------------------------------------------------------------------------
Part Resources:
DSPs: 240 (col length:80)
BRAMs: 270 (col length: RAMB18 80 RAMB36 40)
---------------------------------------------------------------------------------
Finished Part Resource Summary
---------------------------------------------------------------------------------
---------------------------------------------------------------------------------
Start Cross Boundary and Area Optimization
---------------------------------------------------------------------------------
Warning: Parallel synthesis criteria is not met 
INFO: [Synth 8-3333] propagating constant 0 across sequential element (\inst/BOTCPU/sync_sleep_flop )
INFO: [Synth 8-3333] propagating constant 0 across sequential element (\inst/BOTCPU/sync_interrupt_flop )
INFO: [Synth 8-3332] Sequential element (inst/BOTCPU/sync_sleep_flop) is unused and will be removed from module rojobot31_0.
INFO: [Synth 8-3332] Sequential element (inst/BOTCPU/sync_interrupt_flop) is unused and will be removed from module rojobot31_0.
INFO: [Synth 8-3332] Sequential element (inst/BOTCPU/interrupt_ack_flop) is unused and will be removed from module rojobot31_0.
INFO: [Synth 8-3332] Sequential element (inst/BOTCPU/k_write_strobe_flop) is unused and will be removed from module rojobot31_0.
INFO: [Synth 8-3332] Sequential element (inst/BOTCPU/read_strobe_flop) is unused and will be removed from module rojobot31_0.
---------------------------------------------------------------------------------
Finished Cross Boundary and Area Optimization : Time (s): cpu = 00:00:14 ; elapsed = 00:00:14 . Memory (MB): peak = 1013.719 ; gain = 386.246
---------------------------------------------------------------------------------

Report RTL Partitions: 
+-+--------------+------------+----------+
| |RTL Partition |Replication |Instances |
+-+--------------+------------+----------+
+-+--------------+------------+----------+
---------------------------------------------------------------------------------
Start Applying XDC Timing Constraints
---------------------------------------------------------------------------------
---------------------------------------------------------------------------------
Finished Applying XDC Timing Constraints : Time (s): cpu = 00:00:20 ; elapsed = 00:00:21 . Memory (MB): peak = 1013.719 ; gain = 386.246
---------------------------------------------------------------------------------
---------------------------------------------------------------------------------
Start Timing Optimization
---------------------------------------------------------------------------------
---------------------------------------------------------------------------------
Finished Timing Optimization : Time (s): cpu = 00:00:20 ; elapsed = 00:00:21 . Memory (MB): peak = 1013.719 ; gain = 386.246
---------------------------------------------------------------------------------

Report RTL Partitions: 
+-+--------------+------------+----------+
| |RTL Partition |Replication |Instances |
+-+--------------+------------+----------+
+-+--------------+------------+----------+
---------------------------------------------------------------------------------
Start Technology Mapping
---------------------------------------------------------------------------------
---------------------------------------------------------------------------------
Finished Technology Mapping : Time (s): cpu = 00:00:20 ; elapsed = 00:00:21 . Memory (MB): peak = 1020.551 ; gain = 393.078
---------------------------------------------------------------------------------

Report RTL Partitions: 
+-+--------------+------------+----------+
| |RTL Partition |Replication |Instances |
+-+--------------+------------+----------+
+-+--------------+------------+----------+
---------------------------------------------------------------------------------
Start IO Insertion
---------------------------------------------------------------------------------
---------------------------------------------------------------------------------
Start Flattening Before IO Insertion
---------------------------------------------------------------------------------
---------------------------------------------------------------------------------
Finished Flattening Before IO Insertion
---------------------------------------------------------------------------------
---------------------------------------------------------------------------------
Start Final Netlist Cleanup
---------------------------------------------------------------------------------
---------------------------------------------------------------------------------
Finished Final Netlist Cleanup
---------------------------------------------------------------------------------
---------------------------------------------------------------------------------
Finished IO Insertion : Time (s): cpu = 00:00:23 ; elapsed = 00:00:24 . Memory (MB): peak = 1036.344 ; gain = 408.871
---------------------------------------------------------------------------------
---------------------------------------------------------------------------------
Start Renaming Generated Instances
---------------------------------------------------------------------------------
---------------------------------------------------------------------------------
Finished Renaming Generated Instances : Time (s): cpu = 00:00:23 ; elapsed = 00:00:24 . Memory (MB): peak = 1036.344 ; gain = 408.871
---------------------------------------------------------------------------------

Report RTL Partitions: 
+-+--------------+------------+----------+
| |RTL Partition |Replication |Instances |
+-+--------------+------------+----------+
+-+--------------+------------+----------+

Report Check Netlist: 
+------+------------------+-------+---------+-------+------------------+
|      |Item              |Errors |Warnings |Status |Description       |
+------+------------------+-------+---------+-------+------------------+
|1     |multi_driven_nets |      0|        0|Passed |Multi driven nets |
+------+------------------+-------+---------+-------+------------------+
---------------------------------------------------------------------------------
Start Rebuilding User Hierarchy
---------------------------------------------------------------------------------
---------------------------------------------------------------------------------
Finished Rebuilding User Hierarchy : Time (s): cpu = 00:00:23 ; elapsed = 00:00:24 . Memory (MB): peak = 1036.344 ; gain = 408.871
---------------------------------------------------------------------------------
---------------------------------------------------------------------------------
Start Renaming Generated Ports
---------------------------------------------------------------------------------
---------------------------------------------------------------------------------
Finished Renaming Generated Ports : Time (s): cpu = 00:00:23 ; elapsed = 00:00:24 . Memory (MB): peak = 1036.344 ; gain = 408.871
---------------------------------------------------------------------------------
---------------------------------------------------------------------------------
Start Handling Custom Attributes
---------------------------------------------------------------------------------
---------------------------------------------------------------------------------
Finished Handling Custom Attributes : Time (s): cpu = 00:00:23 ; elapsed = 00:00:24 . Memory (MB): peak = 1036.344 ; gain = 408.871
---------------------------------------------------------------------------------
---------------------------------------------------------------------------------
Start Renaming Generated Nets
---------------------------------------------------------------------------------
---------------------------------------------------------------------------------
Finished Renaming Generated Nets : Time (s): cpu = 00:00:23 ; elapsed = 00:00:24 . Memory (MB): peak = 1036.344 ; gain = 408.871
---------------------------------------------------------------------------------
---------------------------------------------------------------------------------
Start Writing Synthesis Report
---------------------------------------------------------------------------------

Report BlackBoxes: 
+-+--------------+----------+
| |BlackBox name |Instances |
+-+--------------+----------+
+-+--------------+----------+

Report Cell Usage: 
+------+---------+------+
|      |Cell     |Count |
+------+---------+------+
|1     |LUT2     |     6|
|2     |LUT3     |     2|
|3     |LUT4     |     4|
|4     |LUT5     |    15|
|5     |LUT6     |    51|
|6     |LUT6_2   |    50|
|7     |MUXCY    |    29|
|8     |RAM32M   |     4|
|9     |RAM64M   |     2|
|10    |RAMB18E1 |     1|
|11    |XORCY    |    27|
|12    |FD       |    45|
|13    |FDCE     |    80|
|14    |FDR      |    18|
|15    |FDRE     |    22|
+------+---------+------+

Report Instance Areas: 
+------+--------------+----------+------+
|      |Instance      |Module    |Cells |
+------+--------------+----------+------+
|1     |top           |          |   356|
|2     |  inst        |rojobot31 |   356|
|3     |    BOTCPU    |kcpsm6    |   250|
|4     |    BOTREGIF  |bot31_if  |   105|
|5     |    BOTSIMPGM |bot31_pgm |     1|
+------+--------------+----------+------+
---------------------------------------------------------------------------------
Finished Writing Synthesis Report : Time (s): cpu = 00:00:23 ; elapsed = 00:00:24 . Memory (MB): peak = 1036.344 ; gain = 408.871
---------------------------------------------------------------------------------
Synthesis finished with 0 errors, 0 critical warnings and 0 warnings.
Synthesis Optimization Runtime : Time (s): cpu = 00:00:17 ; elapsed = 00:00:22 . Memory (MB): peak = 1036.344 ; gain = 334.426
Synthesis Optimization Complete : Time (s): cpu = 00:00:23 ; elapsed = 00:00:24 . Memory (MB): peak = 1036.344 ; gain = 408.871
INFO: [Project 1-571] Translating synthesized netlist
Netlist sorting complete. Time (s): cpu = 00:00:00 ; elapsed = 00:00:00.008 . Memory (MB): peak = 1036.344 ; gain = 0.000
INFO: [Netlist 29-17] Analyzing 176 Unisim elements for replacement
INFO: [Netlist 29-28] Unisim Transformation completed in 0 CPU seconds
INFO: [Project 1-570] Preparing netlist for logic optimization
INFO: [Opt 31-138] Pushed 0 inverter(s) to 0 load pin(s).
Netlist sorting complete. Time (s): cpu = 00:00:00 ; elapsed = 00:00:00 . Memory (MB): peak = 1056.109 ; gain = 0.000
INFO: [Project 1-111] Unisim Transformation Summary:
  A total of 129 instances were transformed.
  (MUXCY,XORCY) => CARRY4: 10 instances
  FD => FDRE: 45 instances
  FDR => FDRE: 18 instances
  LUT6_2 => LUT6_2 (LUT5, LUT6): 50 instances
  RAM32M => RAM32M (RAMD32(x6), RAMS32(x2)): 4 instances
  RAM64M => RAM64M (RAMD64E(x4)): 2 instances

INFO: [Common 17-83] Releasing license: Synthesis
121 Infos, 7 Warnings, 0 Critical Warnings and 0 Errors encountered.
synth_design completed successfully
synth_design: Time (s): cpu = 00:00:28 ; elapsed = 00:00:29 . Memory (MB): peak = 1056.109 ; gain = 718.031
INFO: [Coretcl 2-1174] Renamed 4 cell refs.
Netlist sorting complete. Time (s): cpu = 00:00:00 ; elapsed = 00:00:00 . Memory (MB): peak = 1056.109 ; gain = 0.000
WARNING: [Constraints 18-5210] No constraints selected for write.
Resolution: This message can indicate that there are no constraints for the design, or it can indicate that the used_in flags are set such that the constraints are ignored. This later case is used when running synth_design to not write synthesis constraints to the resulting checkpoint. Instead, project constraints are read when the synthesized design is opened.
INFO: [Common 17-1381] The checkpoint 'C:/Users/rromano/Documents/GitHub/Nexys-A7-Sidescroller-Game/project_1/project_1.runs/rojobot31_0_synth_1/rojobot31_0.dcp' has been generated.
INFO: [runtcl-4] Executing : report_utilization -file rojobot31_0_utilization_synth.rpt -pb rojobot31_0_utilization_synth.pb
INFO: [Common 17-206] Exiting Vivado at Sun Nov 22 18:40:14 2020...
