#-----------------------------------------------------------
# Vivado v2019.2 (64-bit)
# SW Build 2708876 on Wed Nov  6 21:40:23 MST 2019
# IP Build 2700528 on Thu Nov  7 00:09:20 MST 2019
# Start of session at: Wed Nov 25 18:19:32 2020
# Process ID: 8668
# Current directory: C:/Users/ryanp/Documents/GitHub/Nexys-A7-Sidescroller-Game/project_1
# Command line: vivado.exe -gui_launcher_event rodinguilauncherevent11072 C:\Users\ryanp\Documents\GitHub\Nexys-A7-Sidescroller-Game\project_1\project_1.xpr
# Log file: C:/Users/ryanp/Documents/GitHub/Nexys-A7-Sidescroller-Game/project_1/vivado.log
# Journal file: C:/Users/ryanp/Documents/GitHub/Nexys-A7-Sidescroller-Game/project_1\vivado.jou
#-----------------------------------------------------------
start_gui
open_project C:/Users/ryanp/Documents/GitHub/Nexys-A7-Sidescroller-Game/project_1/project_1.xpr
INFO: [Project 1-313] Project file moved from 'C:/Users/rromano/Documents/GitHub/Nexys-A7-Sidescroller-Game/project_1' since last save.
Scanning sources...
Finished scanning sources
INFO: [IP_Flow 19-234] Refreshing IP repositories
INFO: [IP_Flow 19-1700] Loaded user IP repository 'c:/Users/ryanp/Documents/GitHub/Nexys-A7-Sidescroller-Game/fpga_code/ece540_ip_repo/rojobot31'.
INFO: [IP_Flow 19-2313] Loaded Vivado IP repository 'C:/Xilinx/Vivado/2019.2/data/ip'.
open_project: Time (s): cpu = 00:00:14 ; elapsed = 00:00:07 . Memory (MB): peak = 852.027 ; gain = 178.438
update_compile_order -fileset sources_1
WARNING: [IP_Flow 19-4067] Ignoring invalid widget type specified checkbox.Providing a default widget
WARNING: [IP_Flow 19-4067] Ignoring invalid widget type specified checkbox.Providing a default widget
INFO: [IP_Flow 19-3484] Absolute path of file 'c:/Users/ryanp/Documents/GitHub/Nexys-A7-Sidescroller-Game/fpga_code/world_maps/bandicoot_maps/world_map_pt1.coe' provided. It will be converted relative to IP Instance files '../../../../../fpga_code/world_maps/bandicoot_maps/world_map_pt1.coe'
set_property -dict [list CONFIG.Coe_File {C:/Users/ryanp/Documents/GitHub/Nexys-A7-Sidescroller-Game/fpga_code/world_maps/bandicoot_maps/world_map_pt1.coe}] [get_ips world_map]
INFO: [IP_Flow 19-3484] Absolute path of file 'c:/Users/ryanp/Documents/GitHub/Nexys-A7-Sidescroller-Game/fpga_code/world_maps/bandicoot_maps/world_map_pt1.coe' provided. It will be converted relative to IP Instance files '../../../../../fpga_code/world_maps/bandicoot_maps/world_map_pt1.coe'
generate_target all [get_files  C:/Users/ryanp/Documents/GitHub/Nexys-A7-Sidescroller-Game/project_1/project_1.srcs/sources_1/ip/world_map/world_map.xci]
INFO: [IP_Flow 19-1686] Generating 'Instantiation Template' target for IP 'world_map'...
INFO: [IP_Flow 19-1686] Generating 'Synthesis' target for IP 'world_map'...
INFO: [IP_Flow 19-1686] Generating 'Simulation' target for IP 'world_map'...
INFO: [IP_Flow 19-1686] Generating 'Miscellaneous' target for IP 'world_map'...
INFO: [IP_Flow 19-1686] Generating 'Change Log' target for IP 'world_map'...
catch { config_ip_cache -export [get_ips -all world_map] }
export_ip_user_files -of_objects [get_files C:/Users/ryanp/Documents/GitHub/Nexys-A7-Sidescroller-Game/project_1/project_1.srcs/sources_1/ip/world_map/world_map.xci] -no_script -sync -force -quiet
reset_run world_map_synth_1
launch_runs -jobs 6 world_map_synth_1
[Wed Nov 25 18:37:55 2020] Launched world_map_synth_1...
Run output will be captured here: C:/Users/ryanp/Documents/GitHub/Nexys-A7-Sidescroller-Game/project_1/project_1.runs/world_map_synth_1/runme.log
export_simulation -of_objects [get_files C:/Users/ryanp/Documents/GitHub/Nexys-A7-Sidescroller-Game/project_1/project_1.srcs/sources_1/ip/world_map/world_map.xci] -directory C:/Users/ryanp/Documents/GitHub/Nexys-A7-Sidescroller-Game/project_1/project_1.ip_user_files/sim_scripts -ip_user_files_dir C:/Users/ryanp/Documents/GitHub/Nexys-A7-Sidescroller-Game/project_1/project_1.ip_user_files -ipstatic_source_dir C:/Users/ryanp/Documents/GitHub/Nexys-A7-Sidescroller-Game/project_1/project_1.ip_user_files/ipstatic -lib_map_path [list {modelsim=C:/Users/ryanp/Documents/GitHub/Nexys-A7-Sidescroller-Game/project_1/project_1.cache/compile_simlib/modelsim} {questa=C:/Users/ryanp/Documents/GitHub/Nexys-A7-Sidescroller-Game/project_1/project_1.cache/compile_simlib/questa} {riviera=C:/Users/ryanp/Documents/GitHub/Nexys-A7-Sidescroller-Game/project_1/project_1.cache/compile_simlib/riviera} {activehdl=C:/Users/ryanp/Documents/GitHub/Nexys-A7-Sidescroller-Game/project_1/project_1.cache/compile_simlib/activehdl}] -use_ip_compiled_libs -force -quiet
WARNING: [IP_Flow 19-4067] Ignoring invalid widget type specified checkbox.Providing a default widget
WARNING: [IP_Flow 19-4067] Ignoring invalid widget type specified checkbox.Providing a default widget
INFO: [IP_Flow 19-3484] Absolute path of file 'c:/Users/ryanp/Documents/GitHub/Nexys-A7-Sidescroller-Game/fpga_code/world_maps/bandicoot_maps/world_map_pt2.coe' provided. It will be converted relative to IP Instance files '../../../../../fpga_code/world_maps/bandicoot_maps/world_map_pt2.coe'
set_property -dict [list CONFIG.Coe_File {C:/Users/ryanp/Documents/GitHub/Nexys-A7-Sidescroller-Game/fpga_code/world_maps/bandicoot_maps/world_map_pt2.coe}] [get_ips world_map_lr]
INFO: [IP_Flow 19-3484] Absolute path of file 'c:/Users/ryanp/Documents/GitHub/Nexys-A7-Sidescroller-Game/fpga_code/world_maps/bandicoot_maps/world_map_pt2.coe' provided. It will be converted relative to IP Instance files '../../../../../fpga_code/world_maps/bandicoot_maps/world_map_pt2.coe'
generate_target all [get_files  C:/Users/ryanp/Documents/GitHub/Nexys-A7-Sidescroller-Game/project_1/project_1.srcs/sources_1/ip/world_map_lr/world_map_lr.xci]
INFO: [IP_Flow 19-1686] Generating 'Instantiation Template' target for IP 'world_map_lr'...
INFO: [IP_Flow 19-1686] Generating 'Synthesis' target for IP 'world_map_lr'...
INFO: [IP_Flow 19-1686] Generating 'Simulation' target for IP 'world_map_lr'...
INFO: [IP_Flow 19-1686] Generating 'Miscellaneous' target for IP 'world_map_lr'...
INFO: [IP_Flow 19-1686] Generating 'Change Log' target for IP 'world_map_lr'...
catch { config_ip_cache -export [get_ips -all world_map_lr] }
export_ip_user_files -of_objects [get_files C:/Users/ryanp/Documents/GitHub/Nexys-A7-Sidescroller-Game/project_1/project_1.srcs/sources_1/ip/world_map_lr/world_map_lr.xci] -no_script -sync -force -quiet
reset_run world_map_lr_synth_1
WARNING: [Vivado 12-1017] Problems encountered:
1. Failed to delete one or more files in run directory C:/Users/ryanp/Documents/GitHub/Nexys-A7-Sidescroller-Game/project_1/project_1.runs/world_map_lr_synth_1

launch_runs -jobs 6 world_map_lr_synth_1
[Wed Nov 25 18:38:22 2020] Launched world_map_lr_synth_1...
Run output will be captured here: C:/Users/ryanp/Documents/GitHub/Nexys-A7-Sidescroller-Game/project_1/project_1.runs/world_map_lr_synth_1/runme.log
export_simulation -of_objects [get_files C:/Users/ryanp/Documents/GitHub/Nexys-A7-Sidescroller-Game/project_1/project_1.srcs/sources_1/ip/world_map_lr/world_map_lr.xci] -directory C:/Users/ryanp/Documents/GitHub/Nexys-A7-Sidescroller-Game/project_1/project_1.ip_user_files/sim_scripts -ip_user_files_dir C:/Users/ryanp/Documents/GitHub/Nexys-A7-Sidescroller-Game/project_1/project_1.ip_user_files -ipstatic_source_dir C:/Users/ryanp/Documents/GitHub/Nexys-A7-Sidescroller-Game/project_1/project_1.ip_user_files/ipstatic -lib_map_path [list {modelsim=C:/Users/ryanp/Documents/GitHub/Nexys-A7-Sidescroller-Game/project_1/project_1.cache/compile_simlib/modelsim} {questa=C:/Users/ryanp/Documents/GitHub/Nexys-A7-Sidescroller-Game/project_1/project_1.cache/compile_simlib/questa} {riviera=C:/Users/ryanp/Documents/GitHub/Nexys-A7-Sidescroller-Game/project_1/project_1.cache/compile_simlib/riviera} {activehdl=C:/Users/ryanp/Documents/GitHub/Nexys-A7-Sidescroller-Game/project_1/project_1.cache/compile_simlib/activehdl}] -use_ip_compiled_libs -force -quiet
reset_run synth_1
WARNING: [Vivado 12-1017] Problems encountered:
1. Failed to delete one or more files in run directory C:/Users/ryanp/Documents/GitHub/Nexys-A7-Sidescroller-Game/project_1/project_1.runs/synth_1

launch_runs synth_1 -jobs 6
[Wed Nov 25 18:38:41 2020] Launched world_map_synth_1, world_map_lr_synth_1...
Run output will be captured here:
world_map_synth_1: C:/Users/ryanp/Documents/GitHub/Nexys-A7-Sidescroller-Game/project_1/project_1.runs/world_map_synth_1/runme.log
world_map_lr_synth_1: C:/Users/ryanp/Documents/GitHub/Nexys-A7-Sidescroller-Game/project_1/project_1.runs/world_map_lr_synth_1/runme.log
[Wed Nov 25 18:38:41 2020] Launched synth_1...
Run output will be captured here: C:/Users/ryanp/Documents/GitHub/Nexys-A7-Sidescroller-Game/project_1/project_1.runs/synth_1/runme.log
launch_runs impl_1 -jobs 6
[Wed Nov 25 18:48:22 2020] Launched impl_1...
Run output will be captured here: C:/Users/ryanp/Documents/GitHub/Nexys-A7-Sidescroller-Game/project_1/project_1.runs/impl_1/runme.log
launch_runs impl_1 -to_step write_bitstream -jobs 6
[Wed Nov 25 19:01:54 2020] Launched impl_1...
Run output will be captured here: C:/Users/ryanp/Documents/GitHub/Nexys-A7-Sidescroller-Game/project_1/project_1.runs/impl_1/runme.log
WARNING: [IP_Flow 19-4067] Ignoring invalid widget type specified checkbox.Providing a default widget
WARNING: [IP_Flow 19-4067] Ignoring invalid widget type specified checkbox.Providing a default widget
WARNING: [IP_Flow 19-4067] Ignoring invalid widget type specified checkbox.Providing a default widget
WARNING: [IP_Flow 19-4067] Ignoring invalid widget type specified checkbox.Providing a default widget
