#-----------------------------------------------------------
# Vivado v2019.2 (64-bit)
# SW Build 2708876 on Wed Nov  6 21:40:23 MST 2019
# IP Build 2700528 on Thu Nov  7 00:09:20 MST 2019
# Start of session at: Sun Nov 22 14:20:14 2020
# Process ID: 27548
# Current directory: C:/Users/ryanp/Documents/GitHub/Nexys-A7-Sidescroller-Game/ECE540-bandicoot-sidescroller/project_1
# Command line: vivado.exe -gui_launcher_event rodinguilauncherevent26092 C:\Users\ryanp\Documents\GitHub\Nexys-A7-Sidescroller-Game\ECE540-bandicoot-sidescroller\project_1\project_1.xpr
# Log file: C:/Users/ryanp/Documents/GitHub/Nexys-A7-Sidescroller-Game/ECE540-bandicoot-sidescroller/project_1/vivado.log
# Journal file: C:/Users/ryanp/Documents/GitHub/Nexys-A7-Sidescroller-Game/ECE540-bandicoot-sidescroller/project_1\vivado.jou
#-----------------------------------------------------------
start_gui
open_project C:/Users/ryanp/Documents/GitHub/Nexys-A7-Sidescroller-Game/ECE540-bandicoot-sidescroller/project_1/project_1.xpr
INFO: [ProjectBase 1-489] The host OS only allows 260 characters in a normal path. The project is stored in a path with more than 80 characters. If you experience issues with IP, Block Designs, or files not being found, please consider moving the project to a location with a shorter path. Alternately consider using the OS subst command to map part of the path to a drive letter.
Current project path is 'C:/Users/ryanp/Documents/GitHub/Nexys-A7-Sidescroller-Game/ECE540-bandicoot-sidescroller/project_1'
INFO: [Project 1-313] Project file moved from 'C:/Users/ryanp/Documents/Grad-School/ECE-540-SoC-Progammable-Logic-FPGAs/Projects/proj2-rojobot-new/proj2-rojobot-new/project_1' since last save.
Scanning sources...
Finished scanning sources
INFO: [IP_Flow 19-234] Refreshing IP repositories
INFO: [IP_Flow 19-1700] Loaded user IP repository 'c:/Users/ryanp/Documents/GitHub/Nexys-A7-Sidescroller-Game/ECE540-bandicoot-sidescroller/fpga_code/ece540_ip_repo/rojobot31'.
INFO: [IP_Flow 19-2313] Loaded Vivado IP repository 'C:/Xilinx/Vivado/2019.2/data/ip'.
CRITICAL WARNING: [Common 17-1649] The Vivado message database 'C:/Users/ryanp/Documents/GitHub/Nexys-A7-Sidescroller-Game/ECE540-bandicoot-sidescroller/project_1/project_1.runs/synth_1/vivado.pb' contains 20137 messages. Restoring all messages from this message database will impact Vivado performance, so only WARNING, CRITICAL WARNING, and ERROR messages will be restored. To restore all messages from this file use the tcl command 'set_param messaging.loadPbLimit 20138' and re-open the project.
open_project: Time (s): cpu = 00:00:15 ; elapsed = 00:00:09 . Memory (MB): peak = 826.414 ; gain = 178.805
update_compile_order -fileset sources_1
WARNING: [IP_Flow 19-4067] Ignoring invalid widget type specified checkbox.Providing a default widget
WARNING: [IP_Flow 19-4067] Ignoring invalid widget type specified checkbox.Providing a default widget
WARNING: [IP_Flow 19-4318] IP-XACT file does not exist: c:/Users/ryanp/Documents/GitHub/Nexys-A7-Sidescroller-Game/ECE540-bandicoot-sidescroller/fpga_code/ece540_ip_repo/rojobot31/component.xml. It will be created.
exit
INFO: [Common 17-206] Exiting Vivado at Sun Nov 22 14:35:55 2020...
