#-----------------------------------------------------------
# Vivado v2019.2 (64-bit)
# SW Build 2708876 on Wed Nov  6 21:40:23 MST 2019
# IP Build 2700528 on Thu Nov  7 00:09:20 MST 2019
# Start of session at: Sun Nov 22 16:26:18 2020
# Process ID: 32200
# Current directory: C:/Users/rromano/Documents/GitHub/Nexys-A7-Sidescroller-Game/project_1
# Command line: vivado.exe -gui_launcher_event rodinguilauncherevent32172 C:\Users\rromano\Documents\GitHub\Nexys-A7-Sidescroller-Game\project_1\project_1.xpr
# Log file: C:/Users/rromano/Documents/GitHub/Nexys-A7-Sidescroller-Game/project_1/vivado.log
# Journal file: C:/Users/rromano/Documents/GitHub/Nexys-A7-Sidescroller-Game/project_1\vivado.jou
#-----------------------------------------------------------
start_gui
open_project C:/Users/rromano/Documents/GitHub/Nexys-A7-Sidescroller-Game/project_1/project_1.xpr
INFO: [Project 1-313] Project file moved from 'C:/Users/ryanp/Documents/GitHub/Nexys-A7-Sidescroller-Game/project_1' since last save.
Scanning sources...
Finished scanning sources
INFO: [IP_Flow 19-234] Refreshing IP repositories
INFO: [IP_Flow 19-1700] Loaded user IP repository 'c:/Users/rromano/Documents/GitHub/Nexys-A7-Sidescroller-Game/fpga_code/ece540_ip_repo/rojobot31'.
INFO: [IP_Flow 19-2313] Loaded Vivado IP repository 'C:/Xilinx/Vivado/2019.2/data/ip'.
open_project: Time (s): cpu = 00:00:13 ; elapsed = 00:00:07 . Memory (MB): peak = 954.652 ; gain = 225.469
update_compile_order -fileset sources_1
open_hw_manager
connect_hw_server -allow_non_jtag
INFO: [Labtools 27-2285] Connecting to hw_server url TCP:localhost:3121
INFO: [Labtools 27-2222] Launching hw_server...
INFO: [Labtools 27-2221] Launch Output:

****** Xilinx hw_server v2019.2
  **** Build date : Nov  6 2019 at 22:12:23
    ** Copyright 1986-2019 Xilinx, Inc. All Rights Reserved.


INFO: [Labtools 27-3415] Connecting to cs_server url TCP:localhost:3042
INFO: [Labtools 27-3417] Launching cs_server...
INFO: [Labtools 27-2221] Launch Output:


****** Xilinx cs_server v2019.2.0
  **** Build date : Nov 06 2019-21:28:22
    ** Copyright 2017-2019 Xilinx, Inc. All Rights Reserved.



connect_hw_server: Time (s): cpu = 00:00:01 ; elapsed = 00:00:13 . Memory (MB): peak = 1240.250 ; gain = 0.000
open_hw_target
INFO: [Labtoolstcl 44-466] Opening hw_target localhost:3121/xilinx_tcf/Digilent/210292AE38EAA
set_property PROGRAM.FILE {C:/Users/rromano/Documents/GitHub/Nexys-A7-Sidescroller-Game/project_1/project_1.runs/impl_1/RVfpga.bit} [get_hw_devices xc7a100t_0]
current_hw_device [get_hw_devices xc7a100t_0]
refresh_hw_device -update_hw_probes false [lindex [get_hw_devices xc7a100t_0] 0]
INFO: [Labtools 27-1434] Device xc7a100t (JTAG device index = 0) is programmed with a design that has no supported debug core(s) in it.
set_property PROBES.FILE {} [get_hw_devices xc7a100t_0]
set_property FULL_PROBES.FILE {} [get_hw_devices xc7a100t_0]
set_property PROGRAM.FILE {C:/Users/rromano/Documents/GitHub/Nexys-A7-Sidescroller-Game/project_1/project_1.runs/impl_1/RVfpga.bit} [get_hw_devices xc7a100t_0]
program_hw_devices [get_hw_devices xc7a100t_0]
INFO: [Labtools 27-3164] End of startup status: HIGH
refresh_hw_device [lindex [get_hw_devices xc7a100t_0] 0]
INFO: [Labtools 27-1434] Device xc7a100t (JTAG device index = 0) is programmed with a design that has no supported debug core(s) in it.
ERROR: [Labtoolstcl 44-513] HW Target shutdown. Closing target: localhost:3121/xilinx_tcf/Digilent/210292AE38EAA
close_hw_manager
add_files -norecurse -scan_for_includes C:/Users/rromano/Documents/GitHub/Nexys-A7-Sidescroller-Game/fpga_code/Sidescroller/ss_map_muxer.sv
update_compile_order -fileset sources_1
reset_run world_map_synth_1
reset_run world_map_lr_synth_1
reset_run synth_1
launch_runs synth_1 -jobs 8
WARNING: [HDL 9-3756] overwriting previous definition of module 'debounce' [C:/Users/rromano/Documents/GitHub/Nexys-A7-Sidescroller-Game/fpga_code/rojobot-solution-files/debounce.v:26]
WARNING: [filemgmt 20-644] Circular Reference Found: '.xil_defaultlib.popcount' [C:/Users/rromano/Documents/GitHub/Nexys-A7-Sidescroller-Game/fpga_code/src/OtherSources/PulpPlatform/pulp-platform.org__common_cells_1.16.4/src/popcount.sv:0] -->> '.xil_defaultlib.popcount' [C:/Users/rromano/Documents/GitHub/Nexys-A7-Sidescroller-Game/fpga_code/src/OtherSources/PulpPlatform/pulp-platform.org__common_cells_1.16.4/src/popcount.sv:19]
WARNING: [filemgmt 20-1318] Duplicate Design Unit 'debounce()' found in library 'xil_defaultlib'
Duplicate found at line 26 of file C:/Users/rromano/Documents/GitHub/Nexys-A7-Sidescroller-Game/fpga_code/debounce/debounce.v
	(Active) Duplicate found at line 26 of file C:/Users/rromano/Documents/GitHub/Nexys-A7-Sidescroller-Game/fpga_code/rojobot-solution-files/debounce.v
INFO: [IP_Flow 19-1686] Generating 'Synthesis' target for IP 'world_map'...
INFO: [IP_Flow 19-1686] Generating 'Synthesis' target for IP 'world_map_lr'...
[Sun Nov 22 16:40:05 2020] Launched world_map_synth_1, world_map_lr_synth_1...
Run output will be captured here:
world_map_synth_1: C:/Users/rromano/Documents/GitHub/Nexys-A7-Sidescroller-Game/project_1/project_1.runs/world_map_synth_1/runme.log
world_map_lr_synth_1: C:/Users/rromano/Documents/GitHub/Nexys-A7-Sidescroller-Game/project_1/project_1.runs/world_map_lr_synth_1/runme.log
[Sun Nov 22 16:40:05 2020] Launched synth_1...
Run output will be captured here: C:/Users/rromano/Documents/GitHub/Nexys-A7-Sidescroller-Game/project_1/project_1.runs/synth_1/runme.log
report_ip_status -name ip_status 
CRITICAL WARNING: [Common 17-1649] The Vivado message database 'C:/Users/rromano/Documents/GitHub/Nexys-A7-Sidescroller-Game/project_1/project_1.runs/synth_1/vivado.pb' contains 20125 messages. Restoring all messages from this message database will impact Vivado performance, so only WARNING, CRITICAL WARNING, and ERROR messages will be restored. To restore all messages from this file use the tcl command 'set_param messaging.loadPbLimit 20126' and re-open the project.
set_property is_enabled false [get_files  c:/Users/rromano/Documents/GitHub/Nexys-A7-Sidescroller-Game/project_1/project_1.srcs/sources_1/ip/rojobot31_0/src/bot31_if.v]
set_property is_enabled true [get_files  c:/Users/rromano/Documents/GitHub/Nexys-A7-Sidescroller-Game/project_1/project_1.srcs/sources_1/ip/rojobot31_0/src/bot31_if.v]
WARNING: [Vivado 12-3672] The is_managed property should only be queried on the file object representing this IP. Use the get_files command to access file objects.
WARNING: [Vivado 12-3670] The generate_synth_checkpoint property should only be queried on the file object representing this IP. Use the get_files command to access file objects.
report_ip_status -name ip_status 
report_ip_status -name ip_status 
set_property USER_LOCKED 1 [get_ips rojobot31_0]
set_property USER_LOCKED 0 [get_ips rojobot31_0]
reset_run synth_1
launch_runs synth_1 -jobs 8
WARNING: [HDL 9-3756] overwriting previous definition of module 'debounce' [C:/Users/rromano/Documents/GitHub/Nexys-A7-Sidescroller-Game/fpga_code/rojobot-solution-files/debounce.v:26]
WARNING: [filemgmt 20-644] Circular Reference Found: '.xil_defaultlib.popcount' [C:/Users/rromano/Documents/GitHub/Nexys-A7-Sidescroller-Game/fpga_code/src/OtherSources/PulpPlatform/pulp-platform.org__common_cells_1.16.4/src/popcount.sv:0] -->> '.xil_defaultlib.popcount' [C:/Users/rromano/Documents/GitHub/Nexys-A7-Sidescroller-Game/fpga_code/src/OtherSources/PulpPlatform/pulp-platform.org__common_cells_1.16.4/src/popcount.sv:19]
WARNING: [filemgmt 20-1318] Duplicate Design Unit 'debounce()' found in library 'xil_defaultlib'
Duplicate found at line 26 of file C:/Users/rromano/Documents/GitHub/Nexys-A7-Sidescroller-Game/fpga_code/debounce/debounce.v
	(Active) Duplicate found at line 26 of file C:/Users/rromano/Documents/GitHub/Nexys-A7-Sidescroller-Game/fpga_code/rojobot-solution-files/debounce.v
[Sun Nov 22 17:01:49 2020] Launched synth_1...
Run output will be captured here: C:/Users/rromano/Documents/GitHub/Nexys-A7-Sidescroller-Game/project_1/project_1.runs/synth_1/runme.log
reset_run synth_1
launch_runs synth_1 -jobs 8
WARNING: [HDL 9-3756] overwriting previous definition of module 'debounce' [C:/Users/rromano/Documents/GitHub/Nexys-A7-Sidescroller-Game/fpga_code/rojobot-solution-files/debounce.v:26]
WARNING: [filemgmt 20-644] Circular Reference Found: '.xil_defaultlib.popcount' [C:/Users/rromano/Documents/GitHub/Nexys-A7-Sidescroller-Game/fpga_code/src/OtherSources/PulpPlatform/pulp-platform.org__common_cells_1.16.4/src/popcount.sv:0] -->> '.xil_defaultlib.popcount' [C:/Users/rromano/Documents/GitHub/Nexys-A7-Sidescroller-Game/fpga_code/src/OtherSources/PulpPlatform/pulp-platform.org__common_cells_1.16.4/src/popcount.sv:19]
WARNING: [filemgmt 20-1318] Duplicate Design Unit 'debounce()' found in library 'xil_defaultlib'
Duplicate found at line 26 of file C:/Users/rromano/Documents/GitHub/Nexys-A7-Sidescroller-Game/fpga_code/debounce/debounce.v
	(Active) Duplicate found at line 26 of file C:/Users/rromano/Documents/GitHub/Nexys-A7-Sidescroller-Game/fpga_code/rojobot-solution-files/debounce.v
[Sun Nov 22 17:09:14 2020] Launched synth_1...
Run output will be captured here: C:/Users/rromano/Documents/GitHub/Nexys-A7-Sidescroller-Game/project_1/project_1.runs/synth_1/runme.log
report_ip_status -name ip_status 
set_property generate_synth_checkpoint true [get_files  C:/Users/rromano/Documents/GitHub/Nexys-A7-Sidescroller-Game/project_1/project_1.srcs/sources_1/ip/rojobot31_0/rojobot31_0.xci]
generate_target all [get_files  C:/Users/rromano/Documents/GitHub/Nexys-A7-Sidescroller-Game/project_1/project_1.srcs/sources_1/ip/rojobot31_0/rojobot31_0.xci]
INFO: [IP_Flow 19-1686] Generating 'Instantiation Template' target for IP 'rojobot31_0'...
INFO: [IP_Flow 19-1686] Generating 'Synthesis' target for IP 'rojobot31_0'...
INFO: [IP_Flow 19-1686] Generating 'Simulation' target for IP 'rojobot31_0'...
WARNING: [Vivado 12-4154] User modified property 'UserDisabled' (with value '0') was detected on 'c:/Users/rromano/Documents/GitHub/Nexys-A7-Sidescroller-Game/project_1/project_1.srcs/sources_1/ip/rojobot31_0/src/bot31_if.v'.
WARNING: [Vivado 12-4152] One or more user modified properties were detected. The reset_target command can be used to reset the targets data which will also reset all target properties.
catch { config_ip_cache -export [get_ips -all rojobot31_0] }
export_ip_user_files -of_objects [get_files C:/Users/rromano/Documents/GitHub/Nexys-A7-Sidescroller-Game/project_1/project_1.srcs/sources_1/ip/rojobot31_0/rojobot31_0.xci] -no_script -sync -force -quiet
create_ip_run [get_files -of_objects [get_fileset sources_1] C:/Users/rromano/Documents/GitHub/Nexys-A7-Sidescroller-Game/project_1/project_1.srcs/sources_1/ip/rojobot31_0/rojobot31_0.xci]
launch_runs -jobs 8 rojobot31_0_synth_1
[Sun Nov 22 17:13:43 2020] Launched rojobot31_0_synth_1...
Run output will be captured here: C:/Users/rromano/Documents/GitHub/Nexys-A7-Sidescroller-Game/project_1/project_1.runs/rojobot31_0_synth_1/runme.log
export_simulation -of_objects [get_files C:/Users/rromano/Documents/GitHub/Nexys-A7-Sidescroller-Game/project_1/project_1.srcs/sources_1/ip/rojobot31_0/rojobot31_0.xci] -directory C:/Users/rromano/Documents/GitHub/Nexys-A7-Sidescroller-Game/project_1/project_1.ip_user_files/sim_scripts -ip_user_files_dir C:/Users/rromano/Documents/GitHub/Nexys-A7-Sidescroller-Game/project_1/project_1.ip_user_files -ipstatic_source_dir C:/Users/rromano/Documents/GitHub/Nexys-A7-Sidescroller-Game/project_1/project_1.ip_user_files/ipstatic -lib_map_path [list {modelsim=C:/Users/rromano/Documents/GitHub/Nexys-A7-Sidescroller-Game/project_1/project_1.cache/compile_simlib/modelsim} {questa=C:/Users/rromano/Documents/GitHub/Nexys-A7-Sidescroller-Game/project_1/project_1.cache/compile_simlib/questa} {riviera=C:/Users/rromano/Documents/GitHub/Nexys-A7-Sidescroller-Game/project_1/project_1.cache/compile_simlib/riviera} {activehdl=C:/Users/rromano/Documents/GitHub/Nexys-A7-Sidescroller-Game/project_1/project_1.cache/compile_simlib/activehdl}] -use_ip_compiled_libs -force -quiet
delete_ip_run [get_files -of_objects [get_fileset rojobot31_0] C:/Users/rromano/Documents/GitHub/Nexys-A7-Sidescroller-Game/project_1/project_1.srcs/sources_1/ip/rojobot31_0/rojobot31_0.xci]
INFO: [Project 1-386] Moving file 'C:/Users/rromano/Documents/GitHub/Nexys-A7-Sidescroller-Game/project_1/project_1.srcs/sources_1/ip/rojobot31_0/rojobot31_0.xci' from fileset 'rojobot31_0' to fileset 'sources_1'.
set_property generate_synth_checkpoint false [get_files  C:/Users/rromano/Documents/GitHub/Nexys-A7-Sidescroller-Game/project_1/project_1.srcs/sources_1/ip/rojobot31_0/rojobot31_0.xci]
generate_target all [get_files  C:/Users/rromano/Documents/GitHub/Nexys-A7-Sidescroller-Game/project_1/project_1.srcs/sources_1/ip/rojobot31_0/rojobot31_0.xci]
INFO: [IP_Flow 19-1686] Generating 'Instantiation Template' target for IP 'rojobot31_0'...
INFO: [IP_Flow 19-1686] Generating 'Synthesis' target for IP 'rojobot31_0'...
INFO: [IP_Flow 19-1686] Generating 'Simulation' target for IP 'rojobot31_0'...
WARNING: [Vivado 12-4154] User modified property 'UserDisabled' (with value '0') was detected on 'c:/Users/rromano/Documents/GitHub/Nexys-A7-Sidescroller-Game/project_1/project_1.srcs/sources_1/ip/rojobot31_0/src/bot31_if.v'.
WARNING: [Vivado 12-4152] One or more user modified properties were detected. The reset_target command can be used to reset the targets data which will also reset all target properties.
export_ip_user_files -of_objects [get_files C:/Users/rromano/Documents/GitHub/Nexys-A7-Sidescroller-Game/project_1/project_1.srcs/sources_1/ip/rojobot31_0/rojobot31_0.xci] -no_script -sync -force -quiet
export_simulation -of_objects [get_files C:/Users/rromano/Documents/GitHub/Nexys-A7-Sidescroller-Game/project_1/project_1.srcs/sources_1/ip/rojobot31_0/rojobot31_0.xci] -directory C:/Users/rromano/Documents/GitHub/Nexys-A7-Sidescroller-Game/project_1/project_1.ip_user_files/sim_scripts -ip_user_files_dir C:/Users/rromano/Documents/GitHub/Nexys-A7-Sidescroller-Game/project_1/project_1.ip_user_files -ipstatic_source_dir C:/Users/rromano/Documents/GitHub/Nexys-A7-Sidescroller-Game/project_1/project_1.ip_user_files/ipstatic -lib_map_path [list {modelsim=C:/Users/rromano/Documents/GitHub/Nexys-A7-Sidescroller-Game/project_1/project_1.cache/compile_simlib/modelsim} {questa=C:/Users/rromano/Documents/GitHub/Nexys-A7-Sidescroller-Game/project_1/project_1.cache/compile_simlib/questa} {riviera=C:/Users/rromano/Documents/GitHub/Nexys-A7-Sidescroller-Game/project_1/project_1.cache/compile_simlib/riviera} {activehdl=C:/Users/rromano/Documents/GitHub/Nexys-A7-Sidescroller-Game/project_1/project_1.cache/compile_simlib/activehdl}] -use_ip_compiled_libs -force -quiet
update_compile_order -fileset sources_1
CRITICAL WARNING: [Common 17-1649] The Vivado message database 'C:/Users/rromano/Documents/GitHub/Nexys-A7-Sidescroller-Game/project_1/project_1.runs/synth_1/vivado.pb' contains 20143 messages. Restoring all messages from this message database will impact Vivado performance, so only WARNING, CRITICAL WARNING, and ERROR messages will be restored. To restore all messages from this file use the tcl command 'set_param messaging.loadPbLimit 20144' and re-open the project.
ipx::edit_ip_in_project -upgrade true -name rojobot31_v1_0_project -directory C:/Users/rromano/Documents/GitHub/Nexys-A7-Sidescroller-Game/project_1/project_1.tmp/rojobot31_v1_0_project c:/Users/rromano/Documents/GitHub/Nexys-A7-Sidescroller-Game/fpga_code/ece540_ip_repo/rojobot31/component.xml
INFO: [ProjectBase 1-489] The host OS only allows 260 characters in a normal path. The project is stored in a path with more than 80 characters. If you experience issues with IP, Block Designs, or files not being found, please consider moving the project to a location with a shorter path. Alternately consider using the OS subst command to map part of the path to a drive letter.
Current project path is 'c:/users/rromano/documents/github/nexys-a7-sidescroller-game/project_1/project_1.tmp/rojobot31_v1_0_project'
INFO: [IP_Flow 19-234] Refreshing IP repositories
INFO: [IP_Flow 19-1704] No user IP repositories specified
INFO: [IP_Flow 19-2313] Loaded Vivado IP repository 'C:/Xilinx/Vivado/2019.2/data/ip'.
create_project: Time (s): cpu = 00:00:05 ; elapsed = 00:00:05 . Memory (MB): peak = 2616.215 ; gain = 100.039
INFO: [IP_Flow 19-234] Refreshing IP repositories
INFO: [IP_Flow 19-1700] Loaded user IP repository 'c:/Users/rromano/Documents/GitHub/Nexys-A7-Sidescroller-Game/fpga_code/ece540_ip_repo/rojobot31'.
INFO: [IP_Flow 19-795] Syncing license key meta-data
WARNING: [filemgmt 56-99] Vivado Synthesis ignores library specification for Verilog or SystemVerilog files. [c:/Users/rromano/Documents/GitHub/Nexys-A7-Sidescroller-Game/fpga_code/ece540_ip_repo/rojobot31/src/bot31_if.v:]
WARNING: [filemgmt 56-99] Vivado Synthesis ignores library specification for Verilog or SystemVerilog files. [c:/Users/rromano/Documents/GitHub/Nexys-A7-Sidescroller-Game/fpga_code/ece540_ip_repo/rojobot31/src/bot31_pgm.v:]
WARNING: [filemgmt 56-99] Vivado Synthesis ignores library specification for Verilog or SystemVerilog files. [c:/Users/rromano/Documents/GitHub/Nexys-A7-Sidescroller-Game/fpga_code/ece540_ip_repo/rojobot31/src/kcpsm6.v:]
WARNING: [filemgmt 56-99] Vivado Synthesis ignores library specification for Verilog or SystemVerilog files. [c:/Users/rromano/Documents/GitHub/Nexys-A7-Sidescroller-Game/fpga_code/ece540_ip_repo/rojobot31/src/bot31_top.v:]
ipx::edit_ip_in_project: Time (s): cpu = 00:00:08 ; elapsed = 00:00:06 . Memory (MB): peak = 2663.719 ; gain = 147.543
update_compile_order -fileset sources_1
ipx::unload_core c:/Users/rromano/Documents/GitHub/Nexys-A7-Sidescroller-Game/fpga_code/ece540_ip_repo/rojobot31/component.xml
close_project
update_ip_catalog -rebuild -scan_changes
INFO: [IP_Flow 19-234] Refreshing IP repositories
INFO: [IP_Flow 19-1700] Loaded user IP repository 'c:/Users/rromano/Documents/GitHub/Nexys-A7-Sidescroller-Game/fpga_code/ece540_ip_repo/rojobot31'.
report_ip_status -name ip_status
upgrade_ip -vlnv ece.pdx.edu:user:rojobot31:1.0 [get_ips  rojobot31_0] -log ip_upgrade.log
Upgrading 'rojobot31_0'
INFO: [IP_Flow 19-1972] Upgraded rojobot31_0 from rojobot31_v1_0 1.0 to rojobot31_v1_0 1.0
INFO: [IP_Flow 19-1686] Generating 'Instantiation Template' target for IP 'rojobot31_0'...
INFO: [Coretcl 2-1525] Wrote upgrade log to 'C:/Users/rromano/Documents/GitHub/Nexys-A7-Sidescroller-Game/project_1/ip_upgrade.log'.
export_ip_user_files -of_objects [get_ips rojobot31_0] -no_script -sync -force -quiet
set_property generate_synth_checkpoint true [get_files  C:/Users/rromano/Documents/GitHub/Nexys-A7-Sidescroller-Game/project_1/project_1.srcs/sources_1/ip/rojobot31_0/rojobot31_0.xci]
generate_target all [get_files  C:/Users/rromano/Documents/GitHub/Nexys-A7-Sidescroller-Game/project_1/project_1.srcs/sources_1/ip/rojobot31_0/rojobot31_0.xci]
INFO: [IP_Flow 19-1686] Generating 'Instantiation Template' target for IP 'rojobot31_0'...
INFO: [IP_Flow 19-1686] Generating 'Synthesis' target for IP 'rojobot31_0'...
INFO: [IP_Flow 19-1686] Generating 'Simulation' target for IP 'rojobot31_0'...
WARNING: [Vivado 12-4154] User modified property 'UserDisabled' (with value '0') was detected on 'c:/Users/rromano/Documents/GitHub/Nexys-A7-Sidescroller-Game/project_1/project_1.srcs/sources_1/ip/rojobot31_0/src/bot31_if.v'.
WARNING: [Vivado 12-4152] One or more user modified properties were detected. The reset_target command can be used to reset the targets data which will also reset all target properties.
catch { config_ip_cache -export [get_ips -all rojobot31_0] }
export_ip_user_files -of_objects [get_files C:/Users/rromano/Documents/GitHub/Nexys-A7-Sidescroller-Game/project_1/project_1.srcs/sources_1/ip/rojobot31_0/rojobot31_0.xci] -no_script -sync -force -quiet
create_ip_run [get_files -of_objects [get_fileset sources_1] C:/Users/rromano/Documents/GitHub/Nexys-A7-Sidescroller-Game/project_1/project_1.srcs/sources_1/ip/rojobot31_0/rojobot31_0.xci]
launch_runs -jobs 8 rojobot31_0_synth_1
[Sun Nov 22 17:19:55 2020] Launched rojobot31_0_synth_1...
Run output will be captured here: C:/Users/rromano/Documents/GitHub/Nexys-A7-Sidescroller-Game/project_1/project_1.runs/rojobot31_0_synth_1/runme.log
export_simulation -of_objects [get_files C:/Users/rromano/Documents/GitHub/Nexys-A7-Sidescroller-Game/project_1/project_1.srcs/sources_1/ip/rojobot31_0/rojobot31_0.xci] -directory C:/Users/rromano/Documents/GitHub/Nexys-A7-Sidescroller-Game/project_1/project_1.ip_user_files/sim_scripts -ip_user_files_dir C:/Users/rromano/Documents/GitHub/Nexys-A7-Sidescroller-Game/project_1/project_1.ip_user_files -ipstatic_source_dir C:/Users/rromano/Documents/GitHub/Nexys-A7-Sidescroller-Game/project_1/project_1.ip_user_files/ipstatic -lib_map_path [list {modelsim=C:/Users/rromano/Documents/GitHub/Nexys-A7-Sidescroller-Game/project_1/project_1.cache/compile_simlib/modelsim} {questa=C:/Users/rromano/Documents/GitHub/Nexys-A7-Sidescroller-Game/project_1/project_1.cache/compile_simlib/questa} {riviera=C:/Users/rromano/Documents/GitHub/Nexys-A7-Sidescroller-Game/project_1/project_1.cache/compile_simlib/riviera} {activehdl=C:/Users/rromano/Documents/GitHub/Nexys-A7-Sidescroller-Game/project_1/project_1.cache/compile_simlib/activehdl}] -use_ip_compiled_libs -force -quiet
report_ip_status -name ip_status 
reset_run synth_1
launch_runs synth_1 -jobs 8
[Sun Nov 22 17:20:42 2020] Launched synth_1...
Run output will be captured here: C:/Users/rromano/Documents/GitHub/Nexys-A7-Sidescroller-Game/project_1/project_1.runs/synth_1/runme.log
launch_runs impl_1 -to_step write_bitstream -jobs 8
[Sun Nov 22 17:28:52 2020] Launched impl_1...
Run output will be captured here: C:/Users/rromano/Documents/GitHub/Nexys-A7-Sidescroller-Game/project_1/project_1.runs/impl_1/runme.log
ipx::edit_ip_in_project -upgrade true -name rojobot31_v1_0_project -directory C:/Users/rromano/Documents/GitHub/Nexys-A7-Sidescroller-Game/project_1/project_1.tmp/rojobot31_v1_0_project c:/Users/rromano/Documents/GitHub/Nexys-A7-Sidescroller-Game/fpga_code/ece540_ip_repo/rojobot31/component.xml
INFO: [ProjectBase 1-489] The host OS only allows 260 characters in a normal path. The project is stored in a path with more than 80 characters. If you experience issues with IP, Block Designs, or files not being found, please consider moving the project to a location with a shorter path. Alternately consider using the OS subst command to map part of the path to a drive letter.
Current project path is 'c:/users/rromano/documents/github/nexys-a7-sidescroller-game/project_1/project_1.tmp/rojobot31_v1_0_project'
INFO: [IP_Flow 19-234] Refreshing IP repositories
INFO: [IP_Flow 19-1704] No user IP repositories specified
INFO: [IP_Flow 19-2313] Loaded Vivado IP repository 'C:/Xilinx/Vivado/2019.2/data/ip'.
create_project: Time (s): cpu = 00:00:05 ; elapsed = 00:00:05 . Memory (MB): peak = 2731.902 ; gain = 50.512
INFO: [IP_Flow 19-234] Refreshing IP repositories
INFO: [IP_Flow 19-1700] Loaded user IP repository 'c:/Users/rromano/Documents/GitHub/Nexys-A7-Sidescroller-Game/fpga_code/ece540_ip_repo/rojobot31'.
INFO: [IP_Flow 19-795] Syncing license key meta-data
WARNING: [filemgmt 56-99] Vivado Synthesis ignores library specification for Verilog or SystemVerilog files. [c:/Users/rromano/Documents/GitHub/Nexys-A7-Sidescroller-Game/fpga_code/ece540_ip_repo/rojobot31/src/bot31_if.v:]
WARNING: [filemgmt 56-99] Vivado Synthesis ignores library specification for Verilog or SystemVerilog files. [c:/Users/rromano/Documents/GitHub/Nexys-A7-Sidescroller-Game/fpga_code/ece540_ip_repo/rojobot31/src/bot31_pgm.v:]
WARNING: [filemgmt 56-99] Vivado Synthesis ignores library specification for Verilog or SystemVerilog files. [c:/Users/rromano/Documents/GitHub/Nexys-A7-Sidescroller-Game/fpga_code/ece540_ip_repo/rojobot31/src/kcpsm6.v:]
WARNING: [filemgmt 56-99] Vivado Synthesis ignores library specification for Verilog or SystemVerilog files. [c:/Users/rromano/Documents/GitHub/Nexys-A7-Sidescroller-Game/fpga_code/ece540_ip_repo/rojobot31/src/bot31_top.v:]
ipx::edit_ip_in_project: Time (s): cpu = 00:00:06 ; elapsed = 00:00:06 . Memory (MB): peak = 2736.734 ; gain = 55.344
update_compile_order -fileset sources_1
close_project
update_ip_catalog -rebuild -scan_changes
INFO: [IP_Flow 19-234] Refreshing IP repositories
INFO: [IP_Flow 19-1700] Loaded user IP repository 'c:/Users/rromano/Documents/GitHub/Nexys-A7-Sidescroller-Game/fpga_code/ece540_ip_repo/rojobot31'.
report_ip_status -name ip_status
upgrade_ip -srcset rojobot31_0 -vlnv ece.pdx.edu:user:rojobot31:1.0 [get_ips  rojobot31_0] -log ip_upgrade.log
Upgrading 'rojobot31_0'
INFO: [Project 1-386] Moving file 'C:/Users/rromano/Documents/GitHub/Nexys-A7-Sidescroller-Game/project_1/project_1.srcs/sources_1/ip/rojobot31_0/rojobot31_0.xci' from fileset 'rojobot31_0' to fileset 'sources_1'.
INFO: [IP_Flow 19-1972] Upgraded rojobot31_0 from rojobot31_v1_0 1.0 to rojobot31_v1_0 1.0
INFO: [IP_Flow 19-1686] Generating 'Instantiation Template' target for IP 'rojobot31_0'...
INFO: [Coretcl 2-1525] Wrote upgrade log to 'C:/Users/rromano/Documents/GitHub/Nexys-A7-Sidescroller-Game/project_1/ip_upgrade.log'.
export_ip_user_files -of_objects [get_ips rojobot31_0] -no_script -sync -force -quiet
update_compile_order -fileset sources_1
report_ip_status -name ip_status 
reset_run synth_1
launch_runs synth_1 -jobs 8
INFO: [IP_Flow 19-1686] Generating 'Synthesis' target for IP 'rojobot31_0'...
WARNING: [HDL 9-3756] overwriting previous definition of module 'debounce' [C:/Users/rromano/Documents/GitHub/Nexys-A7-Sidescroller-Game/fpga_code/rojobot-solution-files/debounce.v:26]
WARNING: [filemgmt 20-644] Circular Reference Found: '.xil_defaultlib.popcount' [C:/Users/rromano/Documents/GitHub/Nexys-A7-Sidescroller-Game/fpga_code/src/OtherSources/PulpPlatform/pulp-platform.org__common_cells_1.16.4/src/popcount.sv:0] -->> '.xil_defaultlib.popcount' [C:/Users/rromano/Documents/GitHub/Nexys-A7-Sidescroller-Game/fpga_code/src/OtherSources/PulpPlatform/pulp-platform.org__common_cells_1.16.4/src/popcount.sv:19]
WARNING: [filemgmt 20-1318] Duplicate Design Unit 'debounce()' found in library 'xil_defaultlib'
Duplicate found at line 26 of file C:/Users/rromano/Documents/GitHub/Nexys-A7-Sidescroller-Game/fpga_code/debounce/debounce.v
	(Active) Duplicate found at line 26 of file C:/Users/rromano/Documents/GitHub/Nexys-A7-Sidescroller-Game/fpga_code/rojobot-solution-files/debounce.v
[Sun Nov 22 17:34:36 2020] Launched rojobot31_0_synth_1...
Run output will be captured here: C:/Users/rromano/Documents/GitHub/Nexys-A7-Sidescroller-Game/project_1/project_1.runs/rojobot31_0_synth_1/runme.log
[Sun Nov 22 17:34:36 2020] Launched synth_1...
Run output will be captured here: C:/Users/rromano/Documents/GitHub/Nexys-A7-Sidescroller-Game/project_1/project_1.runs/synth_1/runme.log
launch_runs impl_1 -jobs 8
[Sun Nov 22 17:44:12 2020] Launched impl_1...
Run output will be captured here: C:/Users/rromano/Documents/GitHub/Nexys-A7-Sidescroller-Game/project_1/project_1.runs/impl_1/runme.log
ipx::edit_ip_in_project -upgrade true -name rojobot31_v1_0_project -directory C:/Users/rromano/Documents/GitHub/Nexys-A7-Sidescroller-Game/project_1/project_1.tmp/rojobot31_v1_0_project c:/Users/rromano/Documents/GitHub/Nexys-A7-Sidescroller-Game/fpga_code/ece540_ip_repo/rojobot31/component.xml
INFO: [ProjectBase 1-489] The host OS only allows 260 characters in a normal path. The project is stored in a path with more than 80 characters. If you experience issues with IP, Block Designs, or files not being found, please consider moving the project to a location with a shorter path. Alternately consider using the OS subst command to map part of the path to a drive letter.
Current project path is 'c:/users/rromano/documents/github/nexys-a7-sidescroller-game/project_1/project_1.tmp/rojobot31_v1_0_project'
INFO: [IP_Flow 19-234] Refreshing IP repositories
INFO: [IP_Flow 19-1704] No user IP repositories specified
INFO: [IP_Flow 19-2313] Loaded Vivado IP repository 'C:/Xilinx/Vivado/2019.2/data/ip'.
create_project: Time (s): cpu = 00:00:06 ; elapsed = 00:00:05 . Memory (MB): peak = 2802.664 ; gain = 65.465
INFO: [IP_Flow 19-234] Refreshing IP repositories
INFO: [IP_Flow 19-1700] Loaded user IP repository 'c:/Users/rromano/Documents/GitHub/Nexys-A7-Sidescroller-Game/fpga_code/ece540_ip_repo/rojobot31'.
INFO: [IP_Flow 19-795] Syncing license key meta-data
WARNING: [filemgmt 56-99] Vivado Synthesis ignores library specification for Verilog or SystemVerilog files. [c:/Users/rromano/Documents/GitHub/Nexys-A7-Sidescroller-Game/fpga_code/ece540_ip_repo/rojobot31/src/bot31_if.v:]
WARNING: [filemgmt 56-99] Vivado Synthesis ignores library specification for Verilog or SystemVerilog files. [c:/Users/rromano/Documents/GitHub/Nexys-A7-Sidescroller-Game/fpga_code/ece540_ip_repo/rojobot31/src/bot31_pgm.v:]
WARNING: [filemgmt 56-99] Vivado Synthesis ignores library specification for Verilog or SystemVerilog files. [c:/Users/rromano/Documents/GitHub/Nexys-A7-Sidescroller-Game/fpga_code/ece540_ip_repo/rojobot31/src/kcpsm6.v:]
WARNING: [filemgmt 56-99] Vivado Synthesis ignores library specification for Verilog or SystemVerilog files. [c:/Users/rromano/Documents/GitHub/Nexys-A7-Sidescroller-Game/fpga_code/ece540_ip_repo/rojobot31/src/bot31_top.v:]
ipx::edit_ip_in_project: Time (s): cpu = 00:00:07 ; elapsed = 00:00:06 . Memory (MB): peak = 2819.902 ; gain = 82.703
update_compile_order -fileset sources_1
close_project
update_ip_catalog -rebuild -scan_changes
INFO: [IP_Flow 19-234] Refreshing IP repositories
INFO: [IP_Flow 19-1700] Loaded user IP repository 'c:/Users/rromano/Documents/GitHub/Nexys-A7-Sidescroller-Game/fpga_code/ece540_ip_repo/rojobot31'.
report_ip_status -name ip_status
upgrade_ip -srcset rojobot31_0 -vlnv ece.pdx.edu:user:rojobot31:1.0 [get_ips  rojobot31_0] -log ip_upgrade.log
Upgrading 'rojobot31_0'
INFO: [Project 1-386] Moving file 'C:/Users/rromano/Documents/GitHub/Nexys-A7-Sidescroller-Game/project_1/project_1.srcs/sources_1/ip/rojobot31_0/rojobot31_0.xci' from fileset 'rojobot31_0' to fileset 'sources_1'.
INFO: [IP_Flow 19-1972] Upgraded rojobot31_0 from rojobot31_v1_0 1.0 to rojobot31_v1_0 1.0
INFO: [IP_Flow 19-1686] Generating 'Instantiation Template' target for IP 'rojobot31_0'...
INFO: [Coretcl 2-1525] Wrote upgrade log to 'C:/Users/rromano/Documents/GitHub/Nexys-A7-Sidescroller-Game/project_1/ip_upgrade.log'.
export_ip_user_files -of_objects [get_ips rojobot31_0] -no_script -sync -force -quiet
update_compile_order -fileset sources_1
report_ip_status -name ip_status 
reset_run synth_1
launch_runs impl_1 -jobs 8
INFO: [IP_Flow 19-1686] Generating 'Synthesis' target for IP 'rojobot31_0'...
[Sun Nov 22 17:50:19 2020] Launched rojobot31_0_synth_1, synth_1...
Run output will be captured here:
rojobot31_0_synth_1: C:/Users/rromano/Documents/GitHub/Nexys-A7-Sidescroller-Game/project_1/project_1.runs/rojobot31_0_synth_1/runme.log
synth_1: C:/Users/rromano/Documents/GitHub/Nexys-A7-Sidescroller-Game/project_1/project_1.runs/synth_1/runme.log
[Sun Nov 22 17:50:19 2020] Launched impl_1...
Run output will be captured here: C:/Users/rromano/Documents/GitHub/Nexys-A7-Sidescroller-Game/project_1/project_1.runs/impl_1/runme.log
set_msg_config -suppress -id {Common 17-1649} -string {{CRITICAL WARNING: [Common 17-1649] The Vivado message database 'C:/Users/rromano/Documents/GitHub/Nexys-A7-Sidescroller-Game/project_1/project_1.runs/synth_1/vivado.pb' contains 20125 messages. Restoring all messages from this message database will impact Vivado performance, so only WARNING, CRITICAL WARNING, and ERROR messages will be restored. To restore all messages from this file use the tcl command 'set_param messaging.loadPbLimit 20126' and re-open the project.} } 
set_msg_config -suppress -id {Common 17-1649} -string {{CRITICAL WARNING: [Common 17-1649] The Vivado message database 'C:/Users/rromano/Documents/GitHub/Nexys-A7-Sidescroller-Game/project_1/project_1.runs/synth_1/vivado.pb' contains 20143 messages. Restoring all messages from this message database will impact Vivado performance, so only WARNING, CRITICAL WARNING, and ERROR messages will be restored. To restore all messages from this file use the tcl command 'set_param messaging.loadPbLimit 20144' and re-open the project.} } 
launch_runs impl_1 -to_step write_bitstream -jobs 8
[Sun Nov 22 18:10:20 2020] Launched impl_1...
Run output will be captured here: C:/Users/rromano/Documents/GitHub/Nexys-A7-Sidescroller-Game/project_1/project_1.runs/impl_1/runme.log
