#-----------------------------------------------------------
# Vivado v2019.2 (64-bit)
# SW Build 2708876 on Wed Nov  6 21:40:23 MST 2019
# IP Build 2700528 on Thu Nov  7 00:09:20 MST 2019
# Start of session at: Wed Dec  2 13:50:21 2020
# Process ID: 16536
# Current directory: C:/Users/ryanp/Documents/GitHub/Nexys-A7-Sidescroller-Game/project_1
# Command line: vivado.exe -gui_launcher_event rodinguilauncherevent12348 C:\Users\ryanp\Documents\GitHub\Nexys-A7-Sidescroller-Game\project_1\project_1.xpr
# Log file: C:/Users/ryanp/Documents/GitHub/Nexys-A7-Sidescroller-Game/project_1/vivado.log
# Journal file: C:/Users/ryanp/Documents/GitHub/Nexys-A7-Sidescroller-Game/project_1\vivado.jou
#-----------------------------------------------------------
start_gui
open_project C:/Users/ryanp/Documents/GitHub/Nexys-A7-Sidescroller-Game/project_1/project_1.xpr
Scanning sources...
Finished scanning sources
INFO: [IP_Flow 19-234] Refreshing IP repositories
INFO: [IP_Flow 19-1700] Loaded user IP repository 'c:/Users/ryanp/Documents/GitHub/Nexys-A7-Sidescroller-Game/fpga_code/ece540_ip_repo/rojobot31'.
INFO: [IP_Flow 19-2313] Loaded Vivado IP repository 'C:/Xilinx/Vivado/2019.2/data/ip'.
open_project: Time (s): cpu = 00:00:17 ; elapsed = 00:00:10 . Memory (MB): peak = 846.527 ; gain = 207.586
update_compile_order -fileset sources_1
reset_run synth_1
launch_runs synth_1 -jobs 6
WARNING: [HDL 9-3756] overwriting previous definition of module 'debounce' [C:/Users/ryanp/Documents/GitHub/Nexys-A7-Sidescroller-Game/fpga_code/rojobot-solution-files/debounce.v:26]
WARNING: [filemgmt 20-644] Circular Reference Found: '.xil_defaultlib.popcount' [C:/Users/ryanp/Documents/GitHub/Nexys-A7-Sidescroller-Game/fpga_code/src/OtherSources/PulpPlatform/pulp-platform.org__common_cells_1.16.4/src/popcount.sv:0] -->> '.xil_defaultlib.popcount' [C:/Users/ryanp/Documents/GitHub/Nexys-A7-Sidescroller-Game/fpga_code/src/OtherSources/PulpPlatform/pulp-platform.org__common_cells_1.16.4/src/popcount.sv:19]
WARNING: [filemgmt 20-1318] Duplicate Design Unit 'debounce()' found in library 'xil_defaultlib'
Duplicate found at line 26 of file C:/Users/ryanp/Documents/GitHub/Nexys-A7-Sidescroller-Game/fpga_code/debounce/debounce.v
	(Active) Duplicate found at line 26 of file C:/Users/ryanp/Documents/GitHub/Nexys-A7-Sidescroller-Game/fpga_code/rojobot-solution-files/debounce.v
[Wed Dec  2 15:25:22 2020] Launched synth_1...
Run output will be captured here: C:/Users/ryanp/Documents/GitHub/Nexys-A7-Sidescroller-Game/project_1/project_1.runs/synth_1/runme.log
launch_runs impl_1 -jobs 6
[Wed Dec  2 15:34:03 2020] Launched impl_1...
Run output will be captured here: C:/Users/ryanp/Documents/GitHub/Nexys-A7-Sidescroller-Game/project_1/project_1.runs/impl_1/runme.log
reset_run synth_1
launch_runs synth_1 -jobs 6
WARNING: [HDL 9-3756] overwriting previous definition of module 'debounce' [C:/Users/ryanp/Documents/GitHub/Nexys-A7-Sidescroller-Game/fpga_code/rojobot-solution-files/debounce.v:26]
WARNING: [filemgmt 20-644] Circular Reference Found: '.xil_defaultlib.popcount' [C:/Users/ryanp/Documents/GitHub/Nexys-A7-Sidescroller-Game/fpga_code/src/OtherSources/PulpPlatform/pulp-platform.org__common_cells_1.16.4/src/popcount.sv:0] -->> '.xil_defaultlib.popcount' [C:/Users/ryanp/Documents/GitHub/Nexys-A7-Sidescroller-Game/fpga_code/src/OtherSources/PulpPlatform/pulp-platform.org__common_cells_1.16.4/src/popcount.sv:19]
WARNING: [filemgmt 20-1318] Duplicate Design Unit 'debounce()' found in library 'xil_defaultlib'
Duplicate found at line 26 of file C:/Users/ryanp/Documents/GitHub/Nexys-A7-Sidescroller-Game/fpga_code/debounce/debounce.v
	(Active) Duplicate found at line 26 of file C:/Users/ryanp/Documents/GitHub/Nexys-A7-Sidescroller-Game/fpga_code/rojobot-solution-files/debounce.v
[Wed Dec  2 16:02:54 2020] Launched synth_1...
Run output will be captured here: C:/Users/ryanp/Documents/GitHub/Nexys-A7-Sidescroller-Game/project_1/project_1.runs/synth_1/runme.log
launch_runs impl_1 -jobs 6
[Wed Dec  2 16:11:49 2020] Launched impl_1...
Run output will be captured here: C:/Users/ryanp/Documents/GitHub/Nexys-A7-Sidescroller-Game/project_1/project_1.runs/impl_1/runme.log
ipx::edit_ip_in_project -upgrade true -name rojobot31_v1_0_project -directory C:/Users/ryanp/Documents/GitHub/Nexys-A7-Sidescroller-Game/project_1/project_1.tmp/rojobot31_v1_0_project c:/Users/ryanp/Documents/GitHub/Nexys-A7-Sidescroller-Game/fpga_code/ece540_ip_repo/rojobot31/component.xml
INFO: [ProjectBase 1-489] The host OS only allows 260 characters in a normal path. The project is stored in a path with more than 80 characters. If you experience issues with IP, Block Designs, or files not being found, please consider moving the project to a location with a shorter path. Alternately consider using the OS subst command to map part of the path to a drive letter.
Current project path is 'c:/users/ryanp/documents/github/nexys-a7-sidescroller-game/project_1/project_1.tmp/rojobot31_v1_0_project'
INFO: [IP_Flow 19-234] Refreshing IP repositories
INFO: [IP_Flow 19-1704] No user IP repositories specified
INFO: [IP_Flow 19-2313] Loaded Vivado IP repository 'C:/Xilinx/Vivado/2019.2/data/ip'.
INFO: [IP_Flow 19-234] Refreshing IP repositories
INFO: [IP_Flow 19-1700] Loaded user IP repository 'c:/Users/ryanp/Documents/GitHub/Nexys-A7-Sidescroller-Game/fpga_code/ece540_ip_repo/rojobot31'.
INFO: [IP_Flow 19-795] Syncing license key meta-data
WARNING: [filemgmt 56-99] Vivado Synthesis ignores library specification for Verilog or SystemVerilog files. [c:/Users/ryanp/Documents/GitHub/Nexys-A7-Sidescroller-Game/fpga_code/ece540_ip_repo/rojobot31/src/bot31_if.v:]
WARNING: [filemgmt 56-99] Vivado Synthesis ignores library specification for Verilog or SystemVerilog files. [c:/Users/ryanp/Documents/GitHub/Nexys-A7-Sidescroller-Game/fpga_code/ece540_ip_repo/rojobot31/src/bot31_pgm.v:]
WARNING: [filemgmt 56-99] Vivado Synthesis ignores library specification for Verilog or SystemVerilog files. [c:/Users/ryanp/Documents/GitHub/Nexys-A7-Sidescroller-Game/fpga_code/ece540_ip_repo/rojobot31/src/kcpsm6.v:]
WARNING: [filemgmt 56-99] Vivado Synthesis ignores library specification for Verilog or SystemVerilog files. [c:/Users/ryanp/Documents/GitHub/Nexys-A7-Sidescroller-Game/fpga_code/ece540_ip_repo/rojobot31/src/bot31_top.v:]
ipx::edit_ip_in_project: Time (s): cpu = 00:00:07 ; elapsed = 00:00:06 . Memory (MB): peak = 1331.215 ; gain = 0.000
update_compile_order -fileset sources_1
close_project
update_ip_catalog -rebuild -scan_changes
INFO: [IP_Flow 19-234] Refreshing IP repositories
INFO: [IP_Flow 19-1700] Loaded user IP repository 'c:/Users/ryanp/Documents/GitHub/Nexys-A7-Sidescroller-Game/fpga_code/ece540_ip_repo/rojobot31'.
report_ip_status -name ip_status
upgrade_ip -srcset rojobot31_0 -vlnv ece.pdx.edu:user:rojobot31:1.0 [get_ips  rojobot31_0] -log ip_upgrade.log
Upgrading 'rojobot31_0'
INFO: [Project 1-386] Moving file 'C:/Users/ryanp/Documents/GitHub/Nexys-A7-Sidescroller-Game/project_1/project_1.srcs/sources_1/ip/rojobot31_0/rojobot31_0.xci' from fileset 'rojobot31_0' to fileset 'sources_1'.
INFO: [IP_Flow 19-1972] Upgraded rojobot31_0 from rojobot31_v1_0 1.0 to rojobot31_v1_0 1.0
INFO: [IP_Flow 19-1686] Generating 'Instantiation Template' target for IP 'rojobot31_0'...
INFO: [Coretcl 2-1525] Wrote upgrade log to 'C:/Users/ryanp/Documents/GitHub/Nexys-A7-Sidescroller-Game/project_1/ip_upgrade.log'.
export_ip_user_files -of_objects [get_ips rojobot31_0] -no_script -sync -force -quiet
update_compile_order -fileset sources_1
report_ip_status -name ip_status 
reset_run synth_1
launch_runs synth_1 -jobs 6
INFO: [IP_Flow 19-1686] Generating 'Synthesis' target for IP 'rojobot31_0'...
WARNING: [HDL 9-3756] overwriting previous definition of module 'debounce' [C:/Users/ryanp/Documents/GitHub/Nexys-A7-Sidescroller-Game/fpga_code/rojobot-solution-files/debounce.v:26]
WARNING: [filemgmt 20-644] Circular Reference Found: '.xil_defaultlib.popcount' [C:/Users/ryanp/Documents/GitHub/Nexys-A7-Sidescroller-Game/fpga_code/src/OtherSources/PulpPlatform/pulp-platform.org__common_cells_1.16.4/src/popcount.sv:0] -->> '.xil_defaultlib.popcount' [C:/Users/ryanp/Documents/GitHub/Nexys-A7-Sidescroller-Game/fpga_code/src/OtherSources/PulpPlatform/pulp-platform.org__common_cells_1.16.4/src/popcount.sv:19]
WARNING: [filemgmt 20-1318] Duplicate Design Unit 'debounce()' found in library 'xil_defaultlib'
Duplicate found at line 26 of file C:/Users/ryanp/Documents/GitHub/Nexys-A7-Sidescroller-Game/fpga_code/debounce/debounce.v
	(Active) Duplicate found at line 26 of file C:/Users/ryanp/Documents/GitHub/Nexys-A7-Sidescroller-Game/fpga_code/rojobot-solution-files/debounce.v
[Wed Dec  2 16:44:20 2020] Launched rojobot31_0_synth_1...
Run output will be captured here: C:/Users/ryanp/Documents/GitHub/Nexys-A7-Sidescroller-Game/project_1/project_1.runs/rojobot31_0_synth_1/runme.log
[Wed Dec  2 16:44:21 2020] Launched synth_1...
Run output will be captured here: C:/Users/ryanp/Documents/GitHub/Nexys-A7-Sidescroller-Game/project_1/project_1.runs/synth_1/runme.log
launch_runs: Time (s): cpu = 00:00:03 ; elapsed = 00:00:56 . Memory (MB): peak = 1331.215 ; gain = 0.000
launch_runs impl_1 -jobs 6
[Wed Dec  2 16:54:15 2020] Launched impl_1...
Run output will be captured here: C:/Users/ryanp/Documents/GitHub/Nexys-A7-Sidescroller-Game/project_1/project_1.runs/impl_1/runme.log
launch_runs impl_1 -to_step write_bitstream -jobs 6
[Wed Dec  2 17:07:02 2020] Launched impl_1...
Run output will be captured here: C:/Users/ryanp/Documents/GitHub/Nexys-A7-Sidescroller-Game/project_1/project_1.runs/impl_1/runme.log
ipx::edit_ip_in_project -upgrade true -name rojobot31_v1_0_project -directory C:/Users/ryanp/Documents/GitHub/Nexys-A7-Sidescroller-Game/project_1/project_1.tmp/rojobot31_v1_0_project c:/Users/ryanp/Documents/GitHub/Nexys-A7-Sidescroller-Game/fpga_code/ece540_ip_repo/rojobot31/component.xml
INFO: [ProjectBase 1-489] The host OS only allows 260 characters in a normal path. The project is stored in a path with more than 80 characters. If you experience issues with IP, Block Designs, or files not being found, please consider moving the project to a location with a shorter path. Alternately consider using the OS subst command to map part of the path to a drive letter.
Current project path is 'c:/users/ryanp/documents/github/nexys-a7-sidescroller-game/project_1/project_1.tmp/rojobot31_v1_0_project'
INFO: [IP_Flow 19-234] Refreshing IP repositories
INFO: [IP_Flow 19-1704] No user IP repositories specified
INFO: [IP_Flow 19-2313] Loaded Vivado IP repository 'C:/Xilinx/Vivado/2019.2/data/ip'.
INFO: [IP_Flow 19-234] Refreshing IP repositories
INFO: [IP_Flow 19-1700] Loaded user IP repository 'c:/Users/ryanp/Documents/GitHub/Nexys-A7-Sidescroller-Game/fpga_code/ece540_ip_repo/rojobot31'.
INFO: [IP_Flow 19-795] Syncing license key meta-data
WARNING: [filemgmt 56-99] Vivado Synthesis ignores library specification for Verilog or SystemVerilog files. [c:/Users/ryanp/Documents/GitHub/Nexys-A7-Sidescroller-Game/fpga_code/ece540_ip_repo/rojobot31/src/bot31_if.v:]
WARNING: [filemgmt 56-99] Vivado Synthesis ignores library specification for Verilog or SystemVerilog files. [c:/Users/ryanp/Documents/GitHub/Nexys-A7-Sidescroller-Game/fpga_code/ece540_ip_repo/rojobot31/src/bot31_pgm.v:]
WARNING: [filemgmt 56-99] Vivado Synthesis ignores library specification for Verilog or SystemVerilog files. [c:/Users/ryanp/Documents/GitHub/Nexys-A7-Sidescroller-Game/fpga_code/ece540_ip_repo/rojobot31/src/kcpsm6.v:]
WARNING: [filemgmt 56-99] Vivado Synthesis ignores library specification for Verilog or SystemVerilog files. [c:/Users/ryanp/Documents/GitHub/Nexys-A7-Sidescroller-Game/fpga_code/ece540_ip_repo/rojobot31/src/bot31_top.v:]
ipx::edit_ip_in_project: Time (s): cpu = 00:00:06 ; elapsed = 00:00:05 . Memory (MB): peak = 1331.215 ; gain = 0.000
update_compile_order -fileset sources_1
close_project
update_ip_catalog -rebuild -scan_changes
INFO: [IP_Flow 19-234] Refreshing IP repositories
INFO: [IP_Flow 19-1700] Loaded user IP repository 'c:/Users/ryanp/Documents/GitHub/Nexys-A7-Sidescroller-Game/fpga_code/ece540_ip_repo/rojobot31'.
report_ip_status -name ip_status
upgrade_ip -srcset rojobot31_0 -vlnv ece.pdx.edu:user:rojobot31:1.0 [get_ips  rojobot31_0] -log ip_upgrade.log
Upgrading 'rojobot31_0'
INFO: [Project 1-386] Moving file 'C:/Users/ryanp/Documents/GitHub/Nexys-A7-Sidescroller-Game/project_1/project_1.srcs/sources_1/ip/rojobot31_0/rojobot31_0.xci' from fileset 'rojobot31_0' to fileset 'sources_1'.
INFO: [IP_Flow 19-1972] Upgraded rojobot31_0 from rojobot31_v1_0 1.0 to rojobot31_v1_0 1.0
INFO: [IP_Flow 19-1686] Generating 'Instantiation Template' target for IP 'rojobot31_0'...
INFO: [Coretcl 2-1525] Wrote upgrade log to 'C:/Users/ryanp/Documents/GitHub/Nexys-A7-Sidescroller-Game/project_1/ip_upgrade.log'.
export_ip_user_files -of_objects [get_ips rojobot31_0] -no_script -sync -force -quiet
update_compile_order -fileset sources_1
reset_run synth_1
launch_runs synth_1 -jobs 6
INFO: [IP_Flow 19-1686] Generating 'Synthesis' target for IP 'rojobot31_0'...
WARNING: [HDL 9-3756] overwriting previous definition of module 'debounce' [C:/Users/ryanp/Documents/GitHub/Nexys-A7-Sidescroller-Game/fpga_code/rojobot-solution-files/debounce.v:26]
WARNING: [filemgmt 20-644] Circular Reference Found: '.xil_defaultlib.popcount' [C:/Users/ryanp/Documents/GitHub/Nexys-A7-Sidescroller-Game/fpga_code/src/OtherSources/PulpPlatform/pulp-platform.org__common_cells_1.16.4/src/popcount.sv:0] -->> '.xil_defaultlib.popcount' [C:/Users/ryanp/Documents/GitHub/Nexys-A7-Sidescroller-Game/fpga_code/src/OtherSources/PulpPlatform/pulp-platform.org__common_cells_1.16.4/src/popcount.sv:19]
WARNING: [filemgmt 20-1318] Duplicate Design Unit 'debounce()' found in library 'xil_defaultlib'
Duplicate found at line 26 of file C:/Users/ryanp/Documents/GitHub/Nexys-A7-Sidescroller-Game/fpga_code/debounce/debounce.v
	(Active) Duplicate found at line 26 of file C:/Users/ryanp/Documents/GitHub/Nexys-A7-Sidescroller-Game/fpga_code/rojobot-solution-files/debounce.v
[Wed Dec  2 17:30:38 2020] Launched rojobot31_0_synth_1...
Run output will be captured here: C:/Users/ryanp/Documents/GitHub/Nexys-A7-Sidescroller-Game/project_1/project_1.runs/rojobot31_0_synth_1/runme.log
[Wed Dec  2 17:30:38 2020] Launched synth_1...
Run output will be captured here: C:/Users/ryanp/Documents/GitHub/Nexys-A7-Sidescroller-Game/project_1/project_1.runs/synth_1/runme.log
launch_runs: Time (s): cpu = 00:00:01 ; elapsed = 00:00:54 . Memory (MB): peak = 1360.359 ; gain = 0.000
launch_runs impl_1 -jobs 6
[Wed Dec  2 17:40:39 2020] Launched impl_1...
Run output will be captured here: C:/Users/ryanp/Documents/GitHub/Nexys-A7-Sidescroller-Game/project_1/project_1.runs/impl_1/runme.log
ipx::edit_ip_in_project -upgrade true -name rojobot31_v1_0_project -directory C:/Users/ryanp/Documents/GitHub/Nexys-A7-Sidescroller-Game/project_1/project_1.tmp/rojobot31_v1_0_project c:/Users/ryanp/Documents/GitHub/Nexys-A7-Sidescroller-Game/fpga_code/ece540_ip_repo/rojobot31/component.xml
INFO: [ProjectBase 1-489] The host OS only allows 260 characters in a normal path. The project is stored in a path with more than 80 characters. If you experience issues with IP, Block Designs, or files not being found, please consider moving the project to a location with a shorter path. Alternately consider using the OS subst command to map part of the path to a drive letter.
Current project path is 'c:/users/ryanp/documents/github/nexys-a7-sidescroller-game/project_1/project_1.tmp/rojobot31_v1_0_project'
INFO: [IP_Flow 19-234] Refreshing IP repositories
INFO: [IP_Flow 19-1704] No user IP repositories specified
INFO: [IP_Flow 19-2313] Loaded Vivado IP repository 'C:/Xilinx/Vivado/2019.2/data/ip'.
INFO: [IP_Flow 19-234] Refreshing IP repositories
INFO: [IP_Flow 19-1700] Loaded user IP repository 'c:/Users/ryanp/Documents/GitHub/Nexys-A7-Sidescroller-Game/fpga_code/ece540_ip_repo/rojobot31'.
INFO: [IP_Flow 19-795] Syncing license key meta-data
WARNING: [filemgmt 56-99] Vivado Synthesis ignores library specification for Verilog or SystemVerilog files. [c:/Users/ryanp/Documents/GitHub/Nexys-A7-Sidescroller-Game/fpga_code/ece540_ip_repo/rojobot31/src/bot31_if.v:]
WARNING: [filemgmt 56-99] Vivado Synthesis ignores library specification for Verilog or SystemVerilog files. [c:/Users/ryanp/Documents/GitHub/Nexys-A7-Sidescroller-Game/fpga_code/ece540_ip_repo/rojobot31/src/bot31_pgm.v:]
WARNING: [filemgmt 56-99] Vivado Synthesis ignores library specification for Verilog or SystemVerilog files. [c:/Users/ryanp/Documents/GitHub/Nexys-A7-Sidescroller-Game/fpga_code/ece540_ip_repo/rojobot31/src/kcpsm6.v:]
WARNING: [filemgmt 56-99] Vivado Synthesis ignores library specification for Verilog or SystemVerilog files. [c:/Users/ryanp/Documents/GitHub/Nexys-A7-Sidescroller-Game/fpga_code/ece540_ip_repo/rojobot31/src/bot31_top.v:]
ipx::edit_ip_in_project: Time (s): cpu = 00:00:05 ; elapsed = 00:00:05 . Memory (MB): peak = 1854.926 ; gain = 0.000
update_compile_order -fileset sources_1
close_project
update_ip_catalog -rebuild -scan_changes
INFO: [IP_Flow 19-234] Refreshing IP repositories
INFO: [IP_Flow 19-1700] Loaded user IP repository 'c:/Users/ryanp/Documents/GitHub/Nexys-A7-Sidescroller-Game/fpga_code/ece540_ip_repo/rojobot31'.
report_ip_status -name ip_status
upgrade_ip -srcset rojobot31_0 -vlnv ece.pdx.edu:user:rojobot31:1.0 [get_ips  rojobot31_0] -log ip_upgrade.log
Upgrading 'rojobot31_0'
INFO: [Project 1-386] Moving file 'C:/Users/ryanp/Documents/GitHub/Nexys-A7-Sidescroller-Game/project_1/project_1.srcs/sources_1/ip/rojobot31_0/rojobot31_0.xci' from fileset 'rojobot31_0' to fileset 'sources_1'.
INFO: [IP_Flow 19-1972] Upgraded rojobot31_0 from rojobot31_v1_0 1.0 to rojobot31_v1_0 1.0
INFO: [IP_Flow 19-1686] Generating 'Instantiation Template' target for IP 'rojobot31_0'...
INFO: [Coretcl 2-1525] Wrote upgrade log to 'C:/Users/ryanp/Documents/GitHub/Nexys-A7-Sidescroller-Game/project_1/ip_upgrade.log'.
export_ip_user_files -of_objects [get_ips rojobot31_0] -no_script -sync -force -quiet
update_compile_order -fileset sources_1
reset_run synth_1
launch_runs synth_1 -jobs 6
INFO: [IP_Flow 19-1686] Generating 'Synthesis' target for IP 'rojobot31_0'...
WARNING: [HDL 9-3756] overwriting previous definition of module 'debounce' [C:/Users/ryanp/Documents/GitHub/Nexys-A7-Sidescroller-Game/fpga_code/rojobot-solution-files/debounce.v:26]
WARNING: [filemgmt 20-644] Circular Reference Found: '.xil_defaultlib.popcount' [C:/Users/ryanp/Documents/GitHub/Nexys-A7-Sidescroller-Game/fpga_code/src/OtherSources/PulpPlatform/pulp-platform.org__common_cells_1.16.4/src/popcount.sv:0] -->> '.xil_defaultlib.popcount' [C:/Users/ryanp/Documents/GitHub/Nexys-A7-Sidescroller-Game/fpga_code/src/OtherSources/PulpPlatform/pulp-platform.org__common_cells_1.16.4/src/popcount.sv:19]
WARNING: [filemgmt 20-1318] Duplicate Design Unit 'debounce()' found in library 'xil_defaultlib'
Duplicate found at line 26 of file C:/Users/ryanp/Documents/GitHub/Nexys-A7-Sidescroller-Game/fpga_code/debounce/debounce.v
	(Active) Duplicate found at line 26 of file C:/Users/ryanp/Documents/GitHub/Nexys-A7-Sidescroller-Game/fpga_code/rojobot-solution-files/debounce.v
[Wed Dec  2 18:14:21 2020] Launched rojobot31_0_synth_1...
Run output will be captured here: C:/Users/ryanp/Documents/GitHub/Nexys-A7-Sidescroller-Game/project_1/project_1.runs/rojobot31_0_synth_1/runme.log
[Wed Dec  2 18:14:21 2020] Launched synth_1...
Run output will be captured here: C:/Users/ryanp/Documents/GitHub/Nexys-A7-Sidescroller-Game/project_1/project_1.runs/synth_1/runme.log
launch_runs: Time (s): cpu = 00:00:03 ; elapsed = 00:00:58 . Memory (MB): peak = 1854.926 ; gain = 0.000
launch_runs impl_1 -jobs 6
[Wed Dec  2 18:25:33 2020] Launched impl_1...
Run output will be captured here: C:/Users/ryanp/Documents/GitHub/Nexys-A7-Sidescroller-Game/project_1/project_1.runs/impl_1/runme.log
launch_runs impl_1 -to_step write_bitstream -jobs 6
[Wed Dec  2 18:39:04 2020] Launched impl_1...
Run output will be captured here: C:/Users/ryanp/Documents/GitHub/Nexys-A7-Sidescroller-Game/project_1/project_1.runs/impl_1/runme.log
ipx::edit_ip_in_project -upgrade true -name rojobot31_v1_0_project -directory C:/Users/ryanp/Documents/GitHub/Nexys-A7-Sidescroller-Game/project_1/project_1.tmp/rojobot31_v1_0_project c:/Users/ryanp/Documents/GitHub/Nexys-A7-Sidescroller-Game/fpga_code/ece540_ip_repo/rojobot31/component.xml
INFO: [ProjectBase 1-489] The host OS only allows 260 characters in a normal path. The project is stored in a path with more than 80 characters. If you experience issues with IP, Block Designs, or files not being found, please consider moving the project to a location with a shorter path. Alternately consider using the OS subst command to map part of the path to a drive letter.
Current project path is 'c:/users/ryanp/documents/github/nexys-a7-sidescroller-game/project_1/project_1.tmp/rojobot31_v1_0_project'
INFO: [IP_Flow 19-234] Refreshing IP repositories
INFO: [IP_Flow 19-1704] No user IP repositories specified
INFO: [IP_Flow 19-2313] Loaded Vivado IP repository 'C:/Xilinx/Vivado/2019.2/data/ip'.
INFO: [IP_Flow 19-234] Refreshing IP repositories
INFO: [IP_Flow 19-1700] Loaded user IP repository 'c:/Users/ryanp/Documents/GitHub/Nexys-A7-Sidescroller-Game/fpga_code/ece540_ip_repo/rojobot31'.
INFO: [IP_Flow 19-795] Syncing license key meta-data
WARNING: [filemgmt 56-99] Vivado Synthesis ignores library specification for Verilog or SystemVerilog files. [c:/Users/ryanp/Documents/GitHub/Nexys-A7-Sidescroller-Game/fpga_code/ece540_ip_repo/rojobot31/src/bot31_if.v:]
WARNING: [filemgmt 56-99] Vivado Synthesis ignores library specification for Verilog or SystemVerilog files. [c:/Users/ryanp/Documents/GitHub/Nexys-A7-Sidescroller-Game/fpga_code/ece540_ip_repo/rojobot31/src/bot31_pgm.v:]
WARNING: [filemgmt 56-99] Vivado Synthesis ignores library specification for Verilog or SystemVerilog files. [c:/Users/ryanp/Documents/GitHub/Nexys-A7-Sidescroller-Game/fpga_code/ece540_ip_repo/rojobot31/src/kcpsm6.v:]
WARNING: [filemgmt 56-99] Vivado Synthesis ignores library specification for Verilog or SystemVerilog files. [c:/Users/ryanp/Documents/GitHub/Nexys-A7-Sidescroller-Game/fpga_code/ece540_ip_repo/rojobot31/src/bot31_top.v:]
ipx::edit_ip_in_project: Time (s): cpu = 00:00:04 ; elapsed = 00:00:05 . Memory (MB): peak = 1854.926 ; gain = 0.000
update_compile_order -fileset sources_1
close_project
update_ip_catalog -rebuild -scan_changes
INFO: [IP_Flow 19-234] Refreshing IP repositories
INFO: [IP_Flow 19-1700] Loaded user IP repository 'c:/Users/ryanp/Documents/GitHub/Nexys-A7-Sidescroller-Game/fpga_code/ece540_ip_repo/rojobot31'.
report_ip_status -name ip_status
upgrade_ip -srcset rojobot31_0 -vlnv ece.pdx.edu:user:rojobot31:1.0 [get_ips  rojobot31_0] -log ip_upgrade.log
Upgrading 'rojobot31_0'
INFO: [Project 1-386] Moving file 'C:/Users/ryanp/Documents/GitHub/Nexys-A7-Sidescroller-Game/project_1/project_1.srcs/sources_1/ip/rojobot31_0/rojobot31_0.xci' from fileset 'rojobot31_0' to fileset 'sources_1'.
INFO: [IP_Flow 19-1972] Upgraded rojobot31_0 from rojobot31_v1_0 1.0 to rojobot31_v1_0 1.0
INFO: [IP_Flow 19-1686] Generating 'Instantiation Template' target for IP 'rojobot31_0'...
INFO: [Coretcl 2-1525] Wrote upgrade log to 'C:/Users/ryanp/Documents/GitHub/Nexys-A7-Sidescroller-Game/project_1/ip_upgrade.log'.
export_ip_user_files -of_objects [get_ips rojobot31_0] -no_script -sync -force -quiet
reset_run synth_1
launch_runs synth_1 -jobs 6
INFO: [IP_Flow 19-1686] Generating 'Synthesis' target for IP 'rojobot31_0'...
WARNING: [HDL 9-3756] overwriting previous definition of module 'debounce' [C:/Users/ryanp/Documents/GitHub/Nexys-A7-Sidescroller-Game/fpga_code/rojobot-solution-files/debounce.v:26]
WARNING: [filemgmt 20-644] Circular Reference Found: '.xil_defaultlib.popcount' [C:/Users/ryanp/Documents/GitHub/Nexys-A7-Sidescroller-Game/fpga_code/src/OtherSources/PulpPlatform/pulp-platform.org__common_cells_1.16.4/src/popcount.sv:0] -->> '.xil_defaultlib.popcount' [C:/Users/ryanp/Documents/GitHub/Nexys-A7-Sidescroller-Game/fpga_code/src/OtherSources/PulpPlatform/pulp-platform.org__common_cells_1.16.4/src/popcount.sv:19]
WARNING: [filemgmt 20-1318] Duplicate Design Unit 'debounce()' found in library 'xil_defaultlib'
Duplicate found at line 26 of file C:/Users/ryanp/Documents/GitHub/Nexys-A7-Sidescroller-Game/fpga_code/debounce/debounce.v
	(Active) Duplicate found at line 26 of file C:/Users/ryanp/Documents/GitHub/Nexys-A7-Sidescroller-Game/fpga_code/rojobot-solution-files/debounce.v
[Wed Dec  2 18:48:27 2020] Launched rojobot31_0_synth_1...
Run output will be captured here: C:/Users/ryanp/Documents/GitHub/Nexys-A7-Sidescroller-Game/project_1/project_1.runs/rojobot31_0_synth_1/runme.log
[Wed Dec  2 18:48:27 2020] Launched synth_1...
Run output will be captured here: C:/Users/ryanp/Documents/GitHub/Nexys-A7-Sidescroller-Game/project_1/project_1.runs/synth_1/runme.log
launch_runs: Time (s): cpu = 00:00:02 ; elapsed = 00:01:17 . Memory (MB): peak = 1854.926 ; gain = 0.000
launch_runs impl_1 -jobs 6
[Wed Dec  2 18:57:44 2020] Launched impl_1...
Run output will be captured here: C:/Users/ryanp/Documents/GitHub/Nexys-A7-Sidescroller-Game/project_1/project_1.runs/impl_1/runme.log
launch_runs impl_1 -to_step write_bitstream -jobs 6
[Wed Dec  2 19:12:17 2020] Launched impl_1...
Run output will be captured here: C:/Users/ryanp/Documents/GitHub/Nexys-A7-Sidescroller-Game/project_1/project_1.runs/impl_1/runme.log
ipx::edit_ip_in_project -upgrade true -name rojobot31_v1_0_project -directory C:/Users/ryanp/Documents/GitHub/Nexys-A7-Sidescroller-Game/project_1/project_1.tmp/rojobot31_v1_0_project c:/Users/ryanp/Documents/GitHub/Nexys-A7-Sidescroller-Game/fpga_code/ece540_ip_repo/rojobot31/component.xml
INFO: [ProjectBase 1-489] The host OS only allows 260 characters in a normal path. The project is stored in a path with more than 80 characters. If you experience issues with IP, Block Designs, or files not being found, please consider moving the project to a location with a shorter path. Alternately consider using the OS subst command to map part of the path to a drive letter.
Current project path is 'c:/users/ryanp/documents/github/nexys-a7-sidescroller-game/project_1/project_1.tmp/rojobot31_v1_0_project'
INFO: [IP_Flow 19-234] Refreshing IP repositories
INFO: [IP_Flow 19-1704] No user IP repositories specified
INFO: [IP_Flow 19-2313] Loaded Vivado IP repository 'C:/Xilinx/Vivado/2019.2/data/ip'.
INFO: [IP_Flow 19-234] Refreshing IP repositories
INFO: [IP_Flow 19-1700] Loaded user IP repository 'c:/Users/ryanp/Documents/GitHub/Nexys-A7-Sidescroller-Game/fpga_code/ece540_ip_repo/rojobot31'.
INFO: [IP_Flow 19-795] Syncing license key meta-data
WARNING: [filemgmt 56-99] Vivado Synthesis ignores library specification for Verilog or SystemVerilog files. [c:/Users/ryanp/Documents/GitHub/Nexys-A7-Sidescroller-Game/fpga_code/ece540_ip_repo/rojobot31/src/bot31_if.v:]
WARNING: [filemgmt 56-99] Vivado Synthesis ignores library specification for Verilog or SystemVerilog files. [c:/Users/ryanp/Documents/GitHub/Nexys-A7-Sidescroller-Game/fpga_code/ece540_ip_repo/rojobot31/src/bot31_pgm.v:]
WARNING: [filemgmt 56-99] Vivado Synthesis ignores library specification for Verilog or SystemVerilog files. [c:/Users/ryanp/Documents/GitHub/Nexys-A7-Sidescroller-Game/fpga_code/ece540_ip_repo/rojobot31/src/kcpsm6.v:]
WARNING: [filemgmt 56-99] Vivado Synthesis ignores library specification for Verilog or SystemVerilog files. [c:/Users/ryanp/Documents/GitHub/Nexys-A7-Sidescroller-Game/fpga_code/ece540_ip_repo/rojobot31/src/bot31_top.v:]
update_compile_order -fileset sources_1
close_project
update_ip_catalog -rebuild -scan_changes
INFO: [IP_Flow 19-234] Refreshing IP repositories
INFO: [IP_Flow 19-1700] Loaded user IP repository 'c:/Users/ryanp/Documents/GitHub/Nexys-A7-Sidescroller-Game/fpga_code/ece540_ip_repo/rojobot31'.
report_ip_status -name ip_status
upgrade_ip -srcset rojobot31_0 -vlnv ece.pdx.edu:user:rojobot31:1.0 [get_ips  rojobot31_0] -log ip_upgrade.log
Upgrading 'rojobot31_0'
INFO: [Project 1-386] Moving file 'C:/Users/ryanp/Documents/GitHub/Nexys-A7-Sidescroller-Game/project_1/project_1.srcs/sources_1/ip/rojobot31_0/rojobot31_0.xci' from fileset 'rojobot31_0' to fileset 'sources_1'.
INFO: [IP_Flow 19-1972] Upgraded rojobot31_0 from rojobot31_v1_0 1.0 to rojobot31_v1_0 1.0
INFO: [IP_Flow 19-1686] Generating 'Instantiation Template' target for IP 'rojobot31_0'...
INFO: [Coretcl 2-1525] Wrote upgrade log to 'C:/Users/ryanp/Documents/GitHub/Nexys-A7-Sidescroller-Game/project_1/ip_upgrade.log'.
export_ip_user_files -of_objects [get_ips rojobot31_0] -no_script -sync -force -quiet
reset_run synth_1
launch_runs synth_1 -jobs 6
INFO: [IP_Flow 19-1686] Generating 'Synthesis' target for IP 'rojobot31_0'...
WARNING: [HDL 9-3756] overwriting previous definition of module 'debounce' [C:/Users/ryanp/Documents/GitHub/Nexys-A7-Sidescroller-Game/fpga_code/rojobot-solution-files/debounce.v:26]
WARNING: [filemgmt 20-644] Circular Reference Found: '.xil_defaultlib.popcount' [C:/Users/ryanp/Documents/GitHub/Nexys-A7-Sidescroller-Game/fpga_code/src/OtherSources/PulpPlatform/pulp-platform.org__common_cells_1.16.4/src/popcount.sv:0] -->> '.xil_defaultlib.popcount' [C:/Users/ryanp/Documents/GitHub/Nexys-A7-Sidescroller-Game/fpga_code/src/OtherSources/PulpPlatform/pulp-platform.org__common_cells_1.16.4/src/popcount.sv:19]
WARNING: [filemgmt 20-1318] Duplicate Design Unit 'debounce()' found in library 'xil_defaultlib'
Duplicate found at line 26 of file C:/Users/ryanp/Documents/GitHub/Nexys-A7-Sidescroller-Game/fpga_code/debounce/debounce.v
	(Active) Duplicate found at line 26 of file C:/Users/ryanp/Documents/GitHub/Nexys-A7-Sidescroller-Game/fpga_code/rojobot-solution-files/debounce.v
[Wed Dec  2 19:19:41 2020] Launched rojobot31_0_synth_1...
Run output will be captured here: C:/Users/ryanp/Documents/GitHub/Nexys-A7-Sidescroller-Game/project_1/project_1.runs/rojobot31_0_synth_1/runme.log
[Wed Dec  2 19:19:42 2020] Launched synth_1...
Run output will be captured here: C:/Users/ryanp/Documents/GitHub/Nexys-A7-Sidescroller-Game/project_1/project_1.runs/synth_1/runme.log
launch_runs: Time (s): cpu = 00:00:03 ; elapsed = 00:01:23 . Memory (MB): peak = 1854.926 ; gain = 0.000
launch_runs impl_1 -jobs 6
[Wed Dec  2 19:31:13 2020] Launched impl_1...
Run output will be captured here: C:/Users/ryanp/Documents/GitHub/Nexys-A7-Sidescroller-Game/project_1/project_1.runs/impl_1/runme.log
launch_runs impl_1 -to_step write_bitstream -jobs 6
[Wed Dec  2 19:44:23 2020] Launched impl_1...
Run output will be captured here: C:/Users/ryanp/Documents/GitHub/Nexys-A7-Sidescroller-Game/project_1/project_1.runs/impl_1/runme.log
ipx::edit_ip_in_project -upgrade true -name rojobot31_v1_0_project -directory C:/Users/ryanp/Documents/GitHub/Nexys-A7-Sidescroller-Game/project_1/project_1.tmp/rojobot31_v1_0_project c:/Users/ryanp/Documents/GitHub/Nexys-A7-Sidescroller-Game/fpga_code/ece540_ip_repo/rojobot31/component.xml
INFO: [ProjectBase 1-489] The host OS only allows 260 characters in a normal path. The project is stored in a path with more than 80 characters. If you experience issues with IP, Block Designs, or files not being found, please consider moving the project to a location with a shorter path. Alternately consider using the OS subst command to map part of the path to a drive letter.
Current project path is 'c:/users/ryanp/documents/github/nexys-a7-sidescroller-game/project_1/project_1.tmp/rojobot31_v1_0_project'
INFO: [IP_Flow 19-234] Refreshing IP repositories
INFO: [IP_Flow 19-1704] No user IP repositories specified
INFO: [IP_Flow 19-2313] Loaded Vivado IP repository 'C:/Xilinx/Vivado/2019.2/data/ip'.
INFO: [IP_Flow 19-234] Refreshing IP repositories
INFO: [IP_Flow 19-1700] Loaded user IP repository 'c:/Users/ryanp/Documents/GitHub/Nexys-A7-Sidescroller-Game/fpga_code/ece540_ip_repo/rojobot31'.
INFO: [IP_Flow 19-795] Syncing license key meta-data
WARNING: [filemgmt 56-99] Vivado Synthesis ignores library specification for Verilog or SystemVerilog files. [c:/Users/ryanp/Documents/GitHub/Nexys-A7-Sidescroller-Game/fpga_code/ece540_ip_repo/rojobot31/src/bot31_if.v:]
WARNING: [filemgmt 56-99] Vivado Synthesis ignores library specification for Verilog or SystemVerilog files. [c:/Users/ryanp/Documents/GitHub/Nexys-A7-Sidescroller-Game/fpga_code/ece540_ip_repo/rojobot31/src/bot31_pgm.v:]
WARNING: [filemgmt 56-99] Vivado Synthesis ignores library specification for Verilog or SystemVerilog files. [c:/Users/ryanp/Documents/GitHub/Nexys-A7-Sidescroller-Game/fpga_code/ece540_ip_repo/rojobot31/src/kcpsm6.v:]
WARNING: [filemgmt 56-99] Vivado Synthesis ignores library specification for Verilog or SystemVerilog files. [c:/Users/ryanp/Documents/GitHub/Nexys-A7-Sidescroller-Game/fpga_code/ece540_ip_repo/rojobot31/src/bot31_top.v:]
update_compile_order -fileset sources_1
close_project
update_ip_catalog -rebuild -scan_changes
INFO: [IP_Flow 19-234] Refreshing IP repositories
INFO: [IP_Flow 19-1700] Loaded user IP repository 'c:/Users/ryanp/Documents/GitHub/Nexys-A7-Sidescroller-Game/fpga_code/ece540_ip_repo/rojobot31'.
report_ip_status -name ip_status
upgrade_ip -srcset rojobot31_0 -vlnv ece.pdx.edu:user:rojobot31:1.0 [get_ips  rojobot31_0] -log ip_upgrade.log
Upgrading 'rojobot31_0'
INFO: [Project 1-386] Moving file 'C:/Users/ryanp/Documents/GitHub/Nexys-A7-Sidescroller-Game/project_1/project_1.srcs/sources_1/ip/rojobot31_0/rojobot31_0.xci' from fileset 'rojobot31_0' to fileset 'sources_1'.
INFO: [IP_Flow 19-1972] Upgraded rojobot31_0 from rojobot31_v1_0 1.0 to rojobot31_v1_0 1.0
INFO: [IP_Flow 19-1686] Generating 'Instantiation Template' target for IP 'rojobot31_0'...
INFO: [Coretcl 2-1525] Wrote upgrade log to 'C:/Users/ryanp/Documents/GitHub/Nexys-A7-Sidescroller-Game/project_1/ip_upgrade.log'.
export_ip_user_files -of_objects [get_ips rojobot31_0] -no_script -sync -force -quiet
reset_run synth_1
launch_runs synth_1 -jobs 6
INFO: [IP_Flow 19-1686] Generating 'Synthesis' target for IP 'rojobot31_0'...
WARNING: [HDL 9-3756] overwriting previous definition of module 'debounce' [C:/Users/ryanp/Documents/GitHub/Nexys-A7-Sidescroller-Game/fpga_code/rojobot-solution-files/debounce.v:26]
WARNING: [filemgmt 20-644] Circular Reference Found: '.xil_defaultlib.popcount' [C:/Users/ryanp/Documents/GitHub/Nexys-A7-Sidescroller-Game/fpga_code/src/OtherSources/PulpPlatform/pulp-platform.org__common_cells_1.16.4/src/popcount.sv:0] -->> '.xil_defaultlib.popcount' [C:/Users/ryanp/Documents/GitHub/Nexys-A7-Sidescroller-Game/fpga_code/src/OtherSources/PulpPlatform/pulp-platform.org__common_cells_1.16.4/src/popcount.sv:19]
WARNING: [filemgmt 20-1318] Duplicate Design Unit 'debounce()' found in library 'xil_defaultlib'
Duplicate found at line 26 of file C:/Users/ryanp/Documents/GitHub/Nexys-A7-Sidescroller-Game/fpga_code/debounce/debounce.v
	(Active) Duplicate found at line 26 of file C:/Users/ryanp/Documents/GitHub/Nexys-A7-Sidescroller-Game/fpga_code/rojobot-solution-files/debounce.v
[Wed Dec  2 19:50:18 2020] Launched rojobot31_0_synth_1...
Run output will be captured here: C:/Users/ryanp/Documents/GitHub/Nexys-A7-Sidescroller-Game/project_1/project_1.runs/rojobot31_0_synth_1/runme.log
[Wed Dec  2 19:50:18 2020] Launched synth_1...
Run output will be captured here: C:/Users/ryanp/Documents/GitHub/Nexys-A7-Sidescroller-Game/project_1/project_1.runs/synth_1/runme.log
launch_runs: Time (s): cpu = 00:00:02 ; elapsed = 00:01:19 . Memory (MB): peak = 1854.926 ; gain = 0.000
launch_runs impl_1 -jobs 6
[Wed Dec  2 20:00:53 2020] Launched impl_1...
Run output will be captured here: C:/Users/ryanp/Documents/GitHub/Nexys-A7-Sidescroller-Game/project_1/project_1.runs/impl_1/runme.log
launch_runs impl_1 -to_step write_bitstream -jobs 6
[Wed Dec  2 20:13:48 2020] Launched impl_1...
Run output will be captured here: C:/Users/ryanp/Documents/GitHub/Nexys-A7-Sidescroller-Game/project_1/project_1.runs/impl_1/runme.log
ipx::edit_ip_in_project -upgrade true -name rojobot31_v1_0_project -directory C:/Users/ryanp/Documents/GitHub/Nexys-A7-Sidescroller-Game/project_1/project_1.tmp/rojobot31_v1_0_project c:/Users/ryanp/Documents/GitHub/Nexys-A7-Sidescroller-Game/fpga_code/ece540_ip_repo/rojobot31/component.xml
INFO: [ProjectBase 1-489] The host OS only allows 260 characters in a normal path. The project is stored in a path with more than 80 characters. If you experience issues with IP, Block Designs, or files not being found, please consider moving the project to a location with a shorter path. Alternately consider using the OS subst command to map part of the path to a drive letter.
Current project path is 'c:/users/ryanp/documents/github/nexys-a7-sidescroller-game/project_1/project_1.tmp/rojobot31_v1_0_project'
INFO: [IP_Flow 19-234] Refreshing IP repositories
INFO: [IP_Flow 19-1704] No user IP repositories specified
INFO: [IP_Flow 19-2313] Loaded Vivado IP repository 'C:/Xilinx/Vivado/2019.2/data/ip'.
INFO: [IP_Flow 19-234] Refreshing IP repositories
INFO: [IP_Flow 19-1700] Loaded user IP repository 'c:/Users/ryanp/Documents/GitHub/Nexys-A7-Sidescroller-Game/fpga_code/ece540_ip_repo/rojobot31'.
INFO: [IP_Flow 19-795] Syncing license key meta-data
WARNING: [filemgmt 56-99] Vivado Synthesis ignores library specification for Verilog or SystemVerilog files. [c:/Users/ryanp/Documents/GitHub/Nexys-A7-Sidescroller-Game/fpga_code/ece540_ip_repo/rojobot31/src/bot31_if.v:]
WARNING: [filemgmt 56-99] Vivado Synthesis ignores library specification for Verilog or SystemVerilog files. [c:/Users/ryanp/Documents/GitHub/Nexys-A7-Sidescroller-Game/fpga_code/ece540_ip_repo/rojobot31/src/bot31_pgm.v:]
WARNING: [filemgmt 56-99] Vivado Synthesis ignores library specification for Verilog or SystemVerilog files. [c:/Users/ryanp/Documents/GitHub/Nexys-A7-Sidescroller-Game/fpga_code/ece540_ip_repo/rojobot31/src/kcpsm6.v:]
WARNING: [filemgmt 56-99] Vivado Synthesis ignores library specification for Verilog or SystemVerilog files. [c:/Users/ryanp/Documents/GitHub/Nexys-A7-Sidescroller-Game/fpga_code/ece540_ip_repo/rojobot31/src/bot31_top.v:]
update_compile_order -fileset sources_1
close_project
update_ip_catalog -rebuild -scan_changes
INFO: [IP_Flow 19-234] Refreshing IP repositories
INFO: [IP_Flow 19-1700] Loaded user IP repository 'c:/Users/ryanp/Documents/GitHub/Nexys-A7-Sidescroller-Game/fpga_code/ece540_ip_repo/rojobot31'.
report_ip_status -name ip_status
upgrade_ip -srcset rojobot31_0 -vlnv ece.pdx.edu:user:rojobot31:1.0 [get_ips  rojobot31_0] -log ip_upgrade.log
Upgrading 'rojobot31_0'
INFO: [Project 1-386] Moving file 'C:/Users/ryanp/Documents/GitHub/Nexys-A7-Sidescroller-Game/project_1/project_1.srcs/sources_1/ip/rojobot31_0/rojobot31_0.xci' from fileset 'rojobot31_0' to fileset 'sources_1'.
INFO: [IP_Flow 19-1972] Upgraded rojobot31_0 from rojobot31_v1_0 1.0 to rojobot31_v1_0 1.0
INFO: [IP_Flow 19-1686] Generating 'Instantiation Template' target for IP 'rojobot31_0'...
INFO: [Coretcl 2-1525] Wrote upgrade log to 'C:/Users/ryanp/Documents/GitHub/Nexys-A7-Sidescroller-Game/project_1/ip_upgrade.log'.
export_ip_user_files -of_objects [get_ips rojobot31_0] -no_script -sync -force -quiet
reset_run synth_1
launch_runs synth_1 -jobs 6
INFO: [IP_Flow 19-1686] Generating 'Synthesis' target for IP 'rojobot31_0'...
WARNING: [HDL 9-3756] overwriting previous definition of module 'debounce' [C:/Users/ryanp/Documents/GitHub/Nexys-A7-Sidescroller-Game/fpga_code/rojobot-solution-files/debounce.v:26]
WARNING: [filemgmt 20-644] Circular Reference Found: '.xil_defaultlib.popcount' [C:/Users/ryanp/Documents/GitHub/Nexys-A7-Sidescroller-Game/fpga_code/src/OtherSources/PulpPlatform/pulp-platform.org__common_cells_1.16.4/src/popcount.sv:0] -->> '.xil_defaultlib.popcount' [C:/Users/ryanp/Documents/GitHub/Nexys-A7-Sidescroller-Game/fpga_code/src/OtherSources/PulpPlatform/pulp-platform.org__common_cells_1.16.4/src/popcount.sv:19]
WARNING: [filemgmt 20-1318] Duplicate Design Unit 'debounce()' found in library 'xil_defaultlib'
Duplicate found at line 26 of file C:/Users/ryanp/Documents/GitHub/Nexys-A7-Sidescroller-Game/fpga_code/debounce/debounce.v
	(Active) Duplicate found at line 26 of file C:/Users/ryanp/Documents/GitHub/Nexys-A7-Sidescroller-Game/fpga_code/rojobot-solution-files/debounce.v
[Wed Dec  2 20:39:29 2020] Launched rojobot31_0_synth_1...
Run output will be captured here: C:/Users/ryanp/Documents/GitHub/Nexys-A7-Sidescroller-Game/project_1/project_1.runs/rojobot31_0_synth_1/runme.log
[Wed Dec  2 20:39:29 2020] Launched synth_1...
Run output will be captured here: C:/Users/ryanp/Documents/GitHub/Nexys-A7-Sidescroller-Game/project_1/project_1.runs/synth_1/runme.log
launch_runs: Time (s): cpu = 00:00:02 ; elapsed = 00:01:20 . Memory (MB): peak = 1854.926 ; gain = 0.000
launch_runs impl_1 -jobs 6
[Wed Dec  2 20:50:04 2020] Launched impl_1...
Run output will be captured here: C:/Users/ryanp/Documents/GitHub/Nexys-A7-Sidescroller-Game/project_1/project_1.runs/impl_1/runme.log
launch_runs impl_1 -to_step write_bitstream -jobs 6
[Wed Dec  2 21:05:54 2020] Launched impl_1...
Run output will be captured here: C:/Users/ryanp/Documents/GitHub/Nexys-A7-Sidescroller-Game/project_1/project_1.runs/impl_1/runme.log
